[2024-10-06T05:01:28.035+0000] {processor.py:157} INFO - Started process (PID=1960) to work on /opt/airflow/dags/generate_account_dim.py
[2024-10-06T05:01:28.035+0000] {processor.py:829} INFO - Processing file /opt/airflow/dags/generate_account_dim.py for tasks to queue
[2024-10-06T05:01:28.036+0000] {logging_mixin.py:151} INFO - [2024-10-06T05:01:28.036+0000] {dagbag.py:539} INFO - Filling up the DagBag from /opt/airflow/dags/generate_account_dim.py
[2024-10-06T05:01:28.039+0000] {logging_mixin.py:151} INFO - [2024-10-06T05:01:28.038+0000] {dagbag.py:347} ERROR - Failed to import: /opt/airflow/dags/generate_account_dim.py
Traceback (most recent call last):
  File "/home/airflow/.local/lib/python3.8/site-packages/airflow/models/dagbag.py", line 343, in parse
    loader.exec_module(new_module)
  File "<frozen importlib._bootstrap_external>", line 839, in exec_module
  File "<frozen importlib._bootstrap_external>", line 976, in get_code
  File "<frozen importlib._bootstrap_external>", line 906, in source_to_code
  File "<frozen importlib._bootstrap>", line 219, in _call_with_frames_removed
  File "/opt/airflow/dags/generate_account_dim.py", line 63
    description=)
                ^
SyntaxError: invalid syntax
[2024-10-06T05:01:28.039+0000] {processor.py:841} WARNING - No viable dags retrieved from /opt/airflow/dags/generate_account_dim.py
[2024-10-06T05:01:28.054+0000] {processor.py:179} INFO - Processing /opt/airflow/dags/generate_account_dim.py took 0.022 seconds
[2024-10-06T05:01:40.172+0000] {processor.py:157} INFO - Started process (PID=1978) to work on /opt/airflow/dags/generate_account_dim.py
[2024-10-06T05:01:40.174+0000] {processor.py:829} INFO - Processing file /opt/airflow/dags/generate_account_dim.py for tasks to queue
[2024-10-06T05:01:40.175+0000] {logging_mixin.py:151} INFO - [2024-10-06T05:01:40.175+0000] {dagbag.py:539} INFO - Filling up the DagBag from /opt/airflow/dags/generate_account_dim.py
[2024-10-06T05:01:40.179+0000] {logging_mixin.py:151} INFO - [2024-10-06T05:01:40.178+0000] {dagbag.py:347} ERROR - Failed to import: /opt/airflow/dags/generate_account_dim.py
Traceback (most recent call last):
  File "/home/airflow/.local/lib/python3.8/site-packages/airflow/models/dagbag.py", line 343, in parse
    loader.exec_module(new_module)
  File "<frozen importlib._bootstrap_external>", line 839, in exec_module
  File "<frozen importlib._bootstrap_external>", line 976, in get_code
  File "<frozen importlib._bootstrap_external>", line 906, in source_to_code
  File "<frozen importlib._bootstrap>", line 219, in _call_with_frames_removed
  File "/opt/airflow/dags/generate_account_dim.py", line 63
    description='Generate account dimension data in CSV file')
                                                             ^
SyntaxError: invalid syntax
[2024-10-06T05:01:40.179+0000] {processor.py:841} WARNING - No viable dags retrieved from /opt/airflow/dags/generate_account_dim.py
[2024-10-06T05:01:40.197+0000] {processor.py:179} INFO - Processing /opt/airflow/dags/generate_account_dim.py took 0.030 seconds
[2024-10-06T05:01:49.256+0000] {processor.py:157} INFO - Started process (PID=1983) to work on /opt/airflow/dags/generate_account_dim.py
[2024-10-06T05:01:49.257+0000] {processor.py:829} INFO - Processing file /opt/airflow/dags/generate_account_dim.py for tasks to queue
[2024-10-06T05:01:49.257+0000] {logging_mixin.py:151} INFO - [2024-10-06T05:01:49.257+0000] {dagbag.py:539} INFO - Filling up the DagBag from /opt/airflow/dags/generate_account_dim.py
[2024-10-06T05:01:49.260+0000] {logging_mixin.py:151} INFO - [2024-10-06T05:01:49.260+0000] {dagbag.py:347} ERROR - Failed to import: /opt/airflow/dags/generate_account_dim.py
Traceback (most recent call last):
  File "/home/airflow/.local/lib/python3.8/site-packages/airflow/models/dagbag.py", line 343, in parse
    loader.exec_module(new_module)
  File "<frozen importlib._bootstrap_external>", line 839, in exec_module
  File "<frozen importlib._bootstrap_external>", line 976, in get_code
  File "<frozen importlib._bootstrap_external>", line 906, in source_to_code
  File "<frozen importlib._bootstrap>", line 219, in _call_with_frames_removed
  File "/opt/airflow/dags/generate_account_dim.py", line 63
    description='Generate account dimension data in CSV file', schedule_interval=)
                                                                                 ^
SyntaxError: invalid syntax
[2024-10-06T05:01:49.261+0000] {processor.py:841} WARNING - No viable dags retrieved from /opt/airflow/dags/generate_account_dim.py
[2024-10-06T05:01:49.276+0000] {processor.py:179} INFO - Processing /opt/airflow/dags/generate_account_dim.py took 0.024 seconds
[2024-10-06T05:02:00.396+0000] {processor.py:157} INFO - Started process (PID=1994) to work on /opt/airflow/dags/generate_account_dim.py
[2024-10-06T05:02:00.399+0000] {processor.py:829} INFO - Processing file /opt/airflow/dags/generate_account_dim.py for tasks to queue
[2024-10-06T05:02:00.400+0000] {logging_mixin.py:151} INFO - [2024-10-06T05:02:00.399+0000] {dagbag.py:539} INFO - Filling up the DagBag from /opt/airflow/dags/generate_account_dim.py
[2024-10-06T05:02:00.404+0000] {logging_mixin.py:151} INFO - [2024-10-06T05:02:00.404+0000] {dagbag.py:347} ERROR - Failed to import: /opt/airflow/dags/generate_account_dim.py
Traceback (most recent call last):
  File "/home/airflow/.local/lib/python3.8/site-packages/airflow/models/dagbag.py", line 343, in parse
    loader.exec_module(new_module)
  File "<frozen importlib._bootstrap_external>", line 839, in exec_module
  File "<frozen importlib._bootstrap_external>", line 976, in get_code
  File "<frozen importlib._bootstrap_external>", line 906, in source_to_code
  File "<frozen importlib._bootstrap>", line 219, in _call_with_frames_removed
  File "/opt/airflow/dags/generate_account_dim.py", line 64
    )
    ^
SyntaxError: invalid syntax
[2024-10-06T05:02:00.405+0000] {processor.py:841} WARNING - No viable dags retrieved from /opt/airflow/dags/generate_account_dim.py
[2024-10-06T05:02:00.423+0000] {processor.py:179} INFO - Processing /opt/airflow/dags/generate_account_dim.py took 0.030 seconds
[2024-10-06T05:02:13.509+0000] {processor.py:157} INFO - Started process (PID=2006) to work on /opt/airflow/dags/generate_account_dim.py
[2024-10-06T05:02:13.510+0000] {processor.py:829} INFO - Processing file /opt/airflow/dags/generate_account_dim.py for tasks to queue
[2024-10-06T05:02:13.510+0000] {logging_mixin.py:151} INFO - [2024-10-06T05:02:13.510+0000] {dagbag.py:539} INFO - Filling up the DagBag from /opt/airflow/dags/generate_account_dim.py
[2024-10-06T05:02:13.513+0000] {logging_mixin.py:151} INFO - [2024-10-06T05:02:13.513+0000] {dagbag.py:347} ERROR - Failed to import: /opt/airflow/dags/generate_account_dim.py
Traceback (most recent call last):
  File "/home/airflow/.local/lib/python3.8/site-packages/airflow/models/dagbag.py", line 343, in parse
    loader.exec_module(new_module)
  File "<frozen importlib._bootstrap_external>", line 839, in exec_module
  File "<frozen importlib._bootstrap_external>", line 976, in get_code
  File "<frozen importlib._bootstrap_external>", line 906, in source_to_code
  File "<frozen importlib._bootstrap>", line 219, in _call_with_frames_removed
  File "/opt/airflow/dags/generate_account_dim.py", line 64
    start_date=start_date, tags=['schema'])
                                          ^
SyntaxError: invalid syntax
[2024-10-06T05:02:13.514+0000] {processor.py:841} WARNING - No viable dags retrieved from /opt/airflow/dags/generate_account_dim.py
[2024-10-06T05:02:13.531+0000] {processor.py:179} INFO - Processing /opt/airflow/dags/generate_account_dim.py took 0.025 seconds
[2024-10-06T05:02:18.562+0000] {processor.py:157} INFO - Started process (PID=2011) to work on /opt/airflow/dags/generate_account_dim.py
[2024-10-06T05:02:18.563+0000] {processor.py:829} INFO - Processing file /opt/airflow/dags/generate_account_dim.py for tasks to queue
[2024-10-06T05:02:18.564+0000] {logging_mixin.py:151} INFO - [2024-10-06T05:02:18.564+0000] {dagbag.py:539} INFO - Filling up the DagBag from /opt/airflow/dags/generate_account_dim.py
[2024-10-06T05:02:18.567+0000] {logging_mixin.py:151} INFO - [2024-10-06T05:02:18.566+0000] {dagbag.py:347} ERROR - Failed to import: /opt/airflow/dags/generate_account_dim.py
Traceback (most recent call last):
  File "/home/airflow/.local/lib/python3.8/site-packages/airflow/models/dagbag.py", line 343, in parse
    loader.exec_module(new_module)
  File "<frozen importlib._bootstrap_external>", line 839, in exec_module
  File "<frozen importlib._bootstrap_external>", line 976, in get_code
  File "<frozen importlib._bootstrap_external>", line 906, in source_to_code
  File "<frozen importlib._bootstrap>", line 219, in _call_with_frames_removed
  File "/opt/airflow/dags/generate_account_dim.py", line 65
    
    ^
SyntaxError: unexpected EOF while parsing
[2024-10-06T05:02:18.567+0000] {processor.py:841} WARNING - No viable dags retrieved from /opt/airflow/dags/generate_account_dim.py
[2024-10-06T05:02:18.582+0000] {processor.py:179} INFO - Processing /opt/airflow/dags/generate_account_dim.py took 0.023 seconds
[2024-10-06T05:02:27.634+0000] {processor.py:157} INFO - Started process (PID=2016) to work on /opt/airflow/dags/generate_account_dim.py
[2024-10-06T05:02:27.635+0000] {processor.py:829} INFO - Processing file /opt/airflow/dags/generate_account_dim.py for tasks to queue
[2024-10-06T05:02:27.635+0000] {logging_mixin.py:151} INFO - [2024-10-06T05:02:27.635+0000] {dagbag.py:539} INFO - Filling up the DagBag from /opt/airflow/dags/generate_account_dim.py
[2024-10-06T05:02:27.768+0000] {processor.py:839} INFO - DAG(s) dict_keys(['account_dim_generator']) retrieved from /opt/airflow/dags/generate_account_dim.py
[2024-10-06T05:02:27.860+0000] {logging_mixin.py:151} INFO - [2024-10-06T05:02:27.859+0000] {manager.py:499} INFO - Created Permission View: %s
[2024-10-06T05:02:27.864+0000] {logging_mixin.py:151} INFO - [2024-10-06T05:02:27.864+0000] {manager.py:499} INFO - Created Permission View: %s
[2024-10-06T05:02:27.867+0000] {logging_mixin.py:151} INFO - [2024-10-06T05:02:27.867+0000] {manager.py:499} INFO - Created Permission View: %s
[2024-10-06T05:02:27.867+0000] {logging_mixin.py:151} INFO - [2024-10-06T05:02:27.867+0000] {security.py:708} INFO - Not syncing DAG-level permissions for DAG 'DAG:account_dim_generator' as access control is unset.
[2024-10-06T05:02:27.867+0000] {logging_mixin.py:151} INFO - [2024-10-06T05:02:27.867+0000] {dag.py:2915} INFO - Sync 1 DAGs
[2024-10-06T05:02:27.873+0000] {logging_mixin.py:151} INFO - [2024-10-06T05:02:27.873+0000] {dag.py:2937} INFO - Creating ORM DAG for account_dim_generator
[2024-10-06T05:02:27.877+0000] {logging_mixin.py:151} INFO - [2024-10-06T05:02:27.877+0000] {dag.py:3696} INFO - Setting next_dagrun for account_dim_generator to 2024-10-06T00:00:00+00:00, run_after=2024-10-07T00:00:00+00:00
[2024-10-06T05:02:27.886+0000] {processor.py:179} INFO - Processing /opt/airflow/dags/generate_account_dim.py took 0.254 seconds
[2024-10-06T05:02:35.743+0000] {processor.py:157} INFO - Started process (PID=2035) to work on /opt/airflow/dags/generate_account_dim.py
[2024-10-06T05:02:35.744+0000] {processor.py:829} INFO - Processing file /opt/airflow/dags/generate_account_dim.py for tasks to queue
[2024-10-06T05:02:35.744+0000] {logging_mixin.py:151} INFO - [2024-10-06T05:02:35.744+0000] {dagbag.py:539} INFO - Filling up the DagBag from /opt/airflow/dags/generate_account_dim.py
[2024-10-06T05:02:35.883+0000] {processor.py:839} INFO - DAG(s) dict_keys(['account_dim_generator']) retrieved from /opt/airflow/dags/generate_account_dim.py
[2024-10-06T05:02:35.888+0000] {logging_mixin.py:151} INFO - [2024-10-06T05:02:35.888+0000] {dag.py:2915} INFO - Sync 1 DAGs
[2024-10-06T05:02:35.896+0000] {logging_mixin.py:151} INFO - [2024-10-06T05:02:35.896+0000] {dag.py:3696} INFO - Setting next_dagrun for account_dim_generator to 2024-10-06T00:00:00+00:00, run_after=2024-10-07T00:00:00+00:00
[2024-10-06T05:02:35.906+0000] {processor.py:179} INFO - Processing /opt/airflow/dags/generate_account_dim.py took 0.168 seconds
[2024-10-06T05:02:43.928+0000] {processor.py:157} INFO - Started process (PID=2041) to work on /opt/airflow/dags/generate_account_dim.py
[2024-10-06T05:02:43.929+0000] {processor.py:829} INFO - Processing file /opt/airflow/dags/generate_account_dim.py for tasks to queue
[2024-10-06T05:02:43.929+0000] {logging_mixin.py:151} INFO - [2024-10-06T05:02:43.929+0000] {dagbag.py:539} INFO - Filling up the DagBag from /opt/airflow/dags/generate_account_dim.py
[2024-10-06T05:02:44.052+0000] {logging_mixin.py:151} INFO - [2024-10-06T05:02:44.052+0000] {dagbag.py:347} ERROR - Failed to import: /opt/airflow/dags/generate_account_dim.py
Traceback (most recent call last):
  File "/home/airflow/.local/lib/python3.8/site-packages/airflow/models/dagbag.py", line 343, in parse
    loader.exec_module(new_module)
  File "<frozen importlib._bootstrap_external>", line 843, in exec_module
  File "<frozen importlib._bootstrap>", line 219, in _call_with_frames_removed
  File "/opt/airflow/dags/generate_account_dim.py", line 66, in <module>
    generate_account_dim
NameError: name 'generate_account_dim' is not defined
[2024-10-06T05:02:44.052+0000] {processor.py:841} WARNING - No viable dags retrieved from /opt/airflow/dags/generate_account_dim.py
[2024-10-06T05:02:44.062+0000] {processor.py:179} INFO - Processing /opt/airflow/dags/generate_account_dim.py took 0.137 seconds
[2024-10-06T05:02:53.056+0000] {processor.py:157} INFO - Started process (PID=2047) to work on /opt/airflow/dags/generate_account_dim.py
[2024-10-06T05:02:53.057+0000] {processor.py:829} INFO - Processing file /opt/airflow/dags/generate_account_dim.py for tasks to queue
[2024-10-06T05:02:53.058+0000] {logging_mixin.py:151} INFO - [2024-10-06T05:02:53.057+0000] {dagbag.py:539} INFO - Filling up the DagBag from /opt/airflow/dags/generate_account_dim.py
[2024-10-06T05:02:53.209+0000] {logging_mixin.py:151} INFO - [2024-10-06T05:02:53.207+0000] {dagbag.py:347} ERROR - Failed to import: /opt/airflow/dags/generate_account_dim.py
Traceback (most recent call last):
  File "/home/airflow/.local/lib/python3.8/site-packages/airflow/models/dagbag.py", line 343, in parse
    loader.exec_module(new_module)
  File "<frozen importlib._bootstrap_external>", line 843, in exec_module
  File "<frozen importlib._bootstrap>", line 219, in _call_with_frames_removed
  File "/opt/airflow/dags/generate_account_dim.py", line 66, in <module>
    generate_account_dimension_data = PythonOperator()
  File "/home/airflow/.local/lib/python3.8/site-packages/airflow/models/baseoperator.py", line 420, in apply_defaults
    raise AirflowException(f"missing keyword argument {missing_args.pop()!r}")
airflow.exceptions.AirflowException: missing keyword argument 'python_callable'
[2024-10-06T05:02:53.209+0000] {processor.py:841} WARNING - No viable dags retrieved from /opt/airflow/dags/generate_account_dim.py
[2024-10-06T05:02:53.220+0000] {processor.py:179} INFO - Processing /opt/airflow/dags/generate_account_dim.py took 0.168 seconds
[2024-10-06T05:03:23.465+0000] {processor.py:157} INFO - Started process (PID=2066) to work on /opt/airflow/dags/generate_account_dim.py
[2024-10-06T05:03:23.466+0000] {processor.py:829} INFO - Processing file /opt/airflow/dags/generate_account_dim.py for tasks to queue
[2024-10-06T05:03:23.467+0000] {logging_mixin.py:151} INFO - [2024-10-06T05:03:23.466+0000] {dagbag.py:539} INFO - Filling up the DagBag from /opt/airflow/dags/generate_account_dim.py
[2024-10-06T05:03:23.594+0000] {logging_mixin.py:151} INFO - [2024-10-06T05:03:23.593+0000] {dagbag.py:347} ERROR - Failed to import: /opt/airflow/dags/generate_account_dim.py
Traceback (most recent call last):
  File "/home/airflow/.local/lib/python3.8/site-packages/airflow/models/dagbag.py", line 343, in parse
    loader.exec_module(new_module)
  File "<frozen importlib._bootstrap_external>", line 843, in exec_module
  File "<frozen importlib._bootstrap>", line 219, in _call_with_frames_removed
  File "/opt/airflow/dags/generate_account_dim.py", line 66, in <module>
    generate_account_dimension_data = PythonOperator()
  File "/home/airflow/.local/lib/python3.8/site-packages/airflow/models/baseoperator.py", line 420, in apply_defaults
    raise AirflowException(f"missing keyword argument {missing_args.pop()!r}")
airflow.exceptions.AirflowException: missing keyword argument 'python_callable'
[2024-10-06T05:03:23.594+0000] {processor.py:841} WARNING - No viable dags retrieved from /opt/airflow/dags/generate_account_dim.py
[2024-10-06T05:03:23.603+0000] {processor.py:179} INFO - Processing /opt/airflow/dags/generate_account_dim.py took 0.142 seconds
[2024-10-06T05:03:45.805+0000] {processor.py:157} INFO - Started process (PID=2085) to work on /opt/airflow/dags/generate_account_dim.py
[2024-10-06T05:03:45.806+0000] {processor.py:829} INFO - Processing file /opt/airflow/dags/generate_account_dim.py for tasks to queue
[2024-10-06T05:03:45.807+0000] {logging_mixin.py:151} INFO - [2024-10-06T05:03:45.807+0000] {dagbag.py:539} INFO - Filling up the DagBag from /opt/airflow/dags/generate_account_dim.py
[2024-10-06T05:03:45.932+0000] {processor.py:839} INFO - DAG(s) dict_keys(['account_dim_generator']) retrieved from /opt/airflow/dags/generate_account_dim.py
[2024-10-06T05:03:45.966+0000] {logging_mixin.py:151} INFO - [2024-10-06T05:03:45.966+0000] {security.py:708} INFO - Not syncing DAG-level permissions for DAG 'DAG:account_dim_generator' as access control is unset.
[2024-10-06T05:03:45.967+0000] {logging_mixin.py:151} INFO - [2024-10-06T05:03:45.967+0000] {dag.py:2915} INFO - Sync 1 DAGs
[2024-10-06T05:03:45.973+0000] {logging_mixin.py:151} INFO - [2024-10-06T05:03:45.973+0000] {dag.py:3696} INFO - Setting next_dagrun for account_dim_generator to 2024-10-06T00:00:00+00:00, run_after=2024-10-07T00:00:00+00:00
[2024-10-06T05:03:45.988+0000] {processor.py:179} INFO - Processing /opt/airflow/dags/generate_account_dim.py took 0.186 seconds
[2024-10-06T05:04:00.961+0000] {processor.py:157} INFO - Started process (PID=2097) to work on /opt/airflow/dags/generate_account_dim.py
[2024-10-06T05:04:00.961+0000] {processor.py:829} INFO - Processing file /opt/airflow/dags/generate_account_dim.py for tasks to queue
[2024-10-06T05:04:00.962+0000] {logging_mixin.py:151} INFO - [2024-10-06T05:04:00.962+0000] {dagbag.py:539} INFO - Filling up the DagBag from /opt/airflow/dags/generate_account_dim.py
[2024-10-06T05:04:01.091+0000] {processor.py:839} INFO - DAG(s) dict_keys(['account_dim_generator']) retrieved from /opt/airflow/dags/generate_account_dim.py
[2024-10-06T05:04:01.095+0000] {logging_mixin.py:151} INFO - [2024-10-06T05:04:01.095+0000] {dag.py:2915} INFO - Sync 1 DAGs
[2024-10-06T05:04:01.102+0000] {logging_mixin.py:151} INFO - [2024-10-06T05:04:01.102+0000] {dag.py:3696} INFO - Setting next_dagrun for account_dim_generator to 2024-10-06T00:00:00+00:00, run_after=2024-10-07T00:00:00+00:00
[2024-10-06T05:04:01.111+0000] {processor.py:179} INFO - Processing /opt/airflow/dags/generate_account_dim.py took 0.154 seconds
[2024-10-06T05:04:17.230+0000] {processor.py:157} INFO - Started process (PID=2110) to work on /opt/airflow/dags/generate_account_dim.py
[2024-10-06T05:04:17.231+0000] {processor.py:829} INFO - Processing file /opt/airflow/dags/generate_account_dim.py for tasks to queue
[2024-10-06T05:04:17.232+0000] {logging_mixin.py:151} INFO - [2024-10-06T05:04:17.231+0000] {dagbag.py:539} INFO - Filling up the DagBag from /opt/airflow/dags/generate_account_dim.py
[2024-10-06T05:04:17.358+0000] {processor.py:839} INFO - DAG(s) dict_keys(['account_dim_generator']) retrieved from /opt/airflow/dags/generate_account_dim.py
[2024-10-06T05:04:17.393+0000] {logging_mixin.py:151} INFO - [2024-10-06T05:04:17.393+0000] {security.py:708} INFO - Not syncing DAG-level permissions for DAG 'DAG:account_dim_generator' as access control is unset.
[2024-10-06T05:04:17.394+0000] {logging_mixin.py:151} INFO - [2024-10-06T05:04:17.393+0000] {dag.py:2915} INFO - Sync 1 DAGs
[2024-10-06T05:04:17.400+0000] {logging_mixin.py:151} INFO - [2024-10-06T05:04:17.400+0000] {dag.py:3696} INFO - Setting next_dagrun for account_dim_generator to 2024-10-06T00:00:00+00:00, run_after=2024-10-07T00:00:00+00:00
[2024-10-06T05:04:17.410+0000] {processor.py:179} INFO - Processing /opt/airflow/dags/generate_account_dim.py took 0.183 seconds
[2024-10-06T05:04:47.681+0000] {processor.py:157} INFO - Started process (PID=2129) to work on /opt/airflow/dags/generate_account_dim.py
[2024-10-06T05:04:47.682+0000] {processor.py:829} INFO - Processing file /opt/airflow/dags/generate_account_dim.py for tasks to queue
[2024-10-06T05:04:47.683+0000] {logging_mixin.py:151} INFO - [2024-10-06T05:04:47.682+0000] {dagbag.py:539} INFO - Filling up the DagBag from /opt/airflow/dags/generate_account_dim.py
[2024-10-06T05:04:47.812+0000] {processor.py:839} INFO - DAG(s) dict_keys(['account_dim_generator']) retrieved from /opt/airflow/dags/generate_account_dim.py
[2024-10-06T05:04:47.821+0000] {logging_mixin.py:151} INFO - [2024-10-06T05:04:47.820+0000] {dag.py:2915} INFO - Sync 1 DAGs
[2024-10-06T05:04:47.828+0000] {logging_mixin.py:151} INFO - [2024-10-06T05:04:47.828+0000] {dag.py:3696} INFO - Setting next_dagrun for account_dim_generator to 2024-10-06T00:00:00+00:00, run_after=2024-10-07T00:00:00+00:00
[2024-10-06T05:04:47.837+0000] {processor.py:179} INFO - Processing /opt/airflow/dags/generate_account_dim.py took 0.158 seconds
[2024-10-06T05:05:18.078+0000] {processor.py:157} INFO - Started process (PID=2148) to work on /opt/airflow/dags/generate_account_dim.py
[2024-10-06T05:05:18.079+0000] {processor.py:829} INFO - Processing file /opt/airflow/dags/generate_account_dim.py for tasks to queue
[2024-10-06T05:05:18.080+0000] {logging_mixin.py:151} INFO - [2024-10-06T05:05:18.079+0000] {dagbag.py:539} INFO - Filling up the DagBag from /opt/airflow/dags/generate_account_dim.py
[2024-10-06T05:05:18.208+0000] {processor.py:839} INFO - DAG(s) dict_keys(['account_dim_generator']) retrieved from /opt/airflow/dags/generate_account_dim.py
[2024-10-06T05:05:18.218+0000] {logging_mixin.py:151} INFO - [2024-10-06T05:05:18.218+0000] {dag.py:2915} INFO - Sync 1 DAGs
[2024-10-06T05:05:18.225+0000] {logging_mixin.py:151} INFO - [2024-10-06T05:05:18.225+0000] {dag.py:3696} INFO - Setting next_dagrun for account_dim_generator to 2024-10-06T00:00:00+00:00, run_after=2024-10-07T00:00:00+00:00
[2024-10-06T05:05:18.232+0000] {processor.py:179} INFO - Processing /opt/airflow/dags/generate_account_dim.py took 0.157 seconds
[2024-10-06T05:05:48.498+0000] {processor.py:157} INFO - Started process (PID=2167) to work on /opt/airflow/dags/generate_account_dim.py
[2024-10-06T05:05:48.499+0000] {processor.py:829} INFO - Processing file /opt/airflow/dags/generate_account_dim.py for tasks to queue
[2024-10-06T05:05:48.500+0000] {logging_mixin.py:151} INFO - [2024-10-06T05:05:48.500+0000] {dagbag.py:539} INFO - Filling up the DagBag from /opt/airflow/dags/generate_account_dim.py
[2024-10-06T05:05:48.629+0000] {processor.py:839} INFO - DAG(s) dict_keys(['account_dim_generator']) retrieved from /opt/airflow/dags/generate_account_dim.py
[2024-10-06T05:05:48.639+0000] {logging_mixin.py:151} INFO - [2024-10-06T05:05:48.638+0000] {dag.py:2915} INFO - Sync 1 DAGs
[2024-10-06T05:05:48.645+0000] {logging_mixin.py:151} INFO - [2024-10-06T05:05:48.645+0000] {dag.py:3696} INFO - Setting next_dagrun for account_dim_generator to 2024-10-06T00:00:00+00:00, run_after=2024-10-07T00:00:00+00:00
[2024-10-06T05:05:48.653+0000] {processor.py:179} INFO - Processing /opt/airflow/dags/generate_account_dim.py took 0.159 seconds
[2024-10-06T05:06:18.907+0000] {processor.py:157} INFO - Started process (PID=2186) to work on /opt/airflow/dags/generate_account_dim.py
[2024-10-06T05:06:18.908+0000] {processor.py:829} INFO - Processing file /opt/airflow/dags/generate_account_dim.py for tasks to queue
[2024-10-06T05:06:18.909+0000] {logging_mixin.py:151} INFO - [2024-10-06T05:06:18.909+0000] {dagbag.py:539} INFO - Filling up the DagBag from /opt/airflow/dags/generate_account_dim.py
[2024-10-06T05:06:19.054+0000] {processor.py:839} INFO - DAG(s) dict_keys(['account_dim_generator']) retrieved from /opt/airflow/dags/generate_account_dim.py
[2024-10-06T05:06:19.063+0000] {logging_mixin.py:151} INFO - [2024-10-06T05:06:19.063+0000] {dag.py:2915} INFO - Sync 1 DAGs
[2024-10-06T05:06:19.070+0000] {logging_mixin.py:151} INFO - [2024-10-06T05:06:19.070+0000] {dag.py:3696} INFO - Setting next_dagrun for account_dim_generator to 2024-10-06T00:00:00+00:00, run_after=2024-10-07T00:00:00+00:00
[2024-10-06T05:06:19.081+0000] {processor.py:179} INFO - Processing /opt/airflow/dags/generate_account_dim.py took 0.177 seconds
[2024-10-06T05:06:35.206+0000] {processor.py:157} INFO - Started process (PID=2205) to work on /opt/airflow/dags/generate_account_dim.py
[2024-10-06T05:06:35.208+0000] {processor.py:829} INFO - Processing file /opt/airflow/dags/generate_account_dim.py for tasks to queue
[2024-10-06T05:06:35.209+0000] {logging_mixin.py:151} INFO - [2024-10-06T05:06:35.208+0000] {dagbag.py:539} INFO - Filling up the DagBag from /opt/airflow/dags/generate_account_dim.py
[2024-10-06T05:06:35.356+0000] {processor.py:839} INFO - DAG(s) dict_keys(['account_dim_generator']) retrieved from /opt/airflow/dags/generate_account_dim.py
[2024-10-06T05:06:35.368+0000] {logging_mixin.py:151} INFO - [2024-10-06T05:06:35.367+0000] {dag.py:2915} INFO - Sync 1 DAGs
[2024-10-06T05:06:35.376+0000] {logging_mixin.py:151} INFO - [2024-10-06T05:06:35.376+0000] {dag.py:3696} INFO - Setting next_dagrun for account_dim_generator to 2024-10-06T00:00:00+00:00, run_after=2024-10-07T00:00:00+00:00
[2024-10-06T05:06:35.384+0000] {processor.py:179} INFO - Processing /opt/airflow/dags/generate_account_dim.py took 0.182 seconds
[2024-10-06T05:07:05.501+0000] {processor.py:157} INFO - Started process (PID=2223) to work on /opt/airflow/dags/generate_account_dim.py
[2024-10-06T05:07:05.502+0000] {processor.py:829} INFO - Processing file /opt/airflow/dags/generate_account_dim.py for tasks to queue
[2024-10-06T05:07:05.503+0000] {logging_mixin.py:151} INFO - [2024-10-06T05:07:05.502+0000] {dagbag.py:539} INFO - Filling up the DagBag from /opt/airflow/dags/generate_account_dim.py
[2024-10-06T05:07:05.627+0000] {processor.py:839} INFO - DAG(s) dict_keys(['account_dim_generator']) retrieved from /opt/airflow/dags/generate_account_dim.py
[2024-10-06T05:07:05.636+0000] {logging_mixin.py:151} INFO - [2024-10-06T05:07:05.636+0000] {dag.py:2915} INFO - Sync 1 DAGs
[2024-10-06T05:07:05.643+0000] {logging_mixin.py:151} INFO - [2024-10-06T05:07:05.643+0000] {dag.py:3696} INFO - Setting next_dagrun for account_dim_generator to 2024-10-06T00:00:00+00:00, run_after=2024-10-07T00:00:00+00:00
[2024-10-06T05:07:05.650+0000] {processor.py:179} INFO - Processing /opt/airflow/dags/generate_account_dim.py took 0.152 seconds
[2024-10-06T05:07:35.798+0000] {processor.py:157} INFO - Started process (PID=2241) to work on /opt/airflow/dags/generate_account_dim.py
[2024-10-06T05:07:35.799+0000] {processor.py:829} INFO - Processing file /opt/airflow/dags/generate_account_dim.py for tasks to queue
[2024-10-06T05:07:35.800+0000] {logging_mixin.py:151} INFO - [2024-10-06T05:07:35.799+0000] {dagbag.py:539} INFO - Filling up the DagBag from /opt/airflow/dags/generate_account_dim.py
[2024-10-06T05:07:35.958+0000] {processor.py:839} INFO - DAG(s) dict_keys(['account_dim_generator']) retrieved from /opt/airflow/dags/generate_account_dim.py
[2024-10-06T05:07:35.972+0000] {logging_mixin.py:151} INFO - [2024-10-06T05:07:35.972+0000] {dag.py:2915} INFO - Sync 1 DAGs
[2024-10-06T05:07:35.983+0000] {logging_mixin.py:151} INFO - [2024-10-06T05:07:35.983+0000] {dag.py:3696} INFO - Setting next_dagrun for account_dim_generator to 2024-10-06T00:00:00+00:00, run_after=2024-10-07T00:00:00+00:00
[2024-10-06T05:07:35.995+0000] {processor.py:179} INFO - Processing /opt/airflow/dags/generate_account_dim.py took 0.201 seconds
[2024-10-06T05:08:06.106+0000] {processor.py:157} INFO - Started process (PID=2259) to work on /opt/airflow/dags/generate_account_dim.py
[2024-10-06T05:08:06.106+0000] {processor.py:829} INFO - Processing file /opt/airflow/dags/generate_account_dim.py for tasks to queue
[2024-10-06T05:08:06.107+0000] {logging_mixin.py:151} INFO - [2024-10-06T05:08:06.107+0000] {dagbag.py:539} INFO - Filling up the DagBag from /opt/airflow/dags/generate_account_dim.py
[2024-10-06T05:08:06.236+0000] {processor.py:839} INFO - DAG(s) dict_keys(['account_dim_generator']) retrieved from /opt/airflow/dags/generate_account_dim.py
[2024-10-06T05:08:06.245+0000] {logging_mixin.py:151} INFO - [2024-10-06T05:08:06.244+0000] {dag.py:2915} INFO - Sync 1 DAGs
[2024-10-06T05:08:06.251+0000] {logging_mixin.py:151} INFO - [2024-10-06T05:08:06.251+0000] {dag.py:3696} INFO - Setting next_dagrun for account_dim_generator to 2024-10-06T00:00:00+00:00, run_after=2024-10-07T00:00:00+00:00
[2024-10-06T05:08:06.260+0000] {processor.py:179} INFO - Processing /opt/airflow/dags/generate_account_dim.py took 0.157 seconds
[2024-10-06T05:08:36.406+0000] {processor.py:157} INFO - Started process (PID=2277) to work on /opt/airflow/dags/generate_account_dim.py
[2024-10-06T05:08:36.407+0000] {processor.py:829} INFO - Processing file /opt/airflow/dags/generate_account_dim.py for tasks to queue
[2024-10-06T05:08:36.407+0000] {logging_mixin.py:151} INFO - [2024-10-06T05:08:36.407+0000] {dagbag.py:539} INFO - Filling up the DagBag from /opt/airflow/dags/generate_account_dim.py
[2024-10-06T05:08:36.529+0000] {processor.py:839} INFO - DAG(s) dict_keys(['account_dim_generator']) retrieved from /opt/airflow/dags/generate_account_dim.py
[2024-10-06T05:08:36.537+0000] {logging_mixin.py:151} INFO - [2024-10-06T05:08:36.537+0000] {dag.py:2915} INFO - Sync 1 DAGs
[2024-10-06T05:08:36.544+0000] {logging_mixin.py:151} INFO - [2024-10-06T05:08:36.544+0000] {dag.py:3696} INFO - Setting next_dagrun for account_dim_generator to 2024-10-06T00:00:00+00:00, run_after=2024-10-07T00:00:00+00:00
[2024-10-06T05:08:36.558+0000] {processor.py:179} INFO - Processing /opt/airflow/dags/generate_account_dim.py took 0.155 seconds
[2024-10-06T05:09:06.829+0000] {processor.py:157} INFO - Started process (PID=2301) to work on /opt/airflow/dags/generate_account_dim.py
[2024-10-06T05:09:06.830+0000] {processor.py:829} INFO - Processing file /opt/airflow/dags/generate_account_dim.py for tasks to queue
[2024-10-06T05:09:06.831+0000] {logging_mixin.py:151} INFO - [2024-10-06T05:09:06.830+0000] {dagbag.py:539} INFO - Filling up the DagBag from /opt/airflow/dags/generate_account_dim.py
[2024-10-06T05:09:06.976+0000] {processor.py:839} INFO - DAG(s) dict_keys(['account_dim_generator']) retrieved from /opt/airflow/dags/generate_account_dim.py
[2024-10-06T05:09:06.986+0000] {logging_mixin.py:151} INFO - [2024-10-06T05:09:06.986+0000] {dag.py:2915} INFO - Sync 1 DAGs
[2024-10-06T05:09:06.995+0000] {logging_mixin.py:151} INFO - [2024-10-06T05:09:06.995+0000] {dag.py:3696} INFO - Setting next_dagrun for account_dim_generator to 2024-10-06T00:00:00+00:00, run_after=2024-10-07T00:00:00+00:00
[2024-10-06T05:09:07.005+0000] {processor.py:179} INFO - Processing /opt/airflow/dags/generate_account_dim.py took 0.180 seconds
[2024-10-06T05:09:37.272+0000] {processor.py:157} INFO - Started process (PID=2320) to work on /opt/airflow/dags/generate_account_dim.py
[2024-10-06T05:09:37.273+0000] {processor.py:829} INFO - Processing file /opt/airflow/dags/generate_account_dim.py for tasks to queue
[2024-10-06T05:09:37.274+0000] {logging_mixin.py:151} INFO - [2024-10-06T05:09:37.274+0000] {dagbag.py:539} INFO - Filling up the DagBag from /opt/airflow/dags/generate_account_dim.py
[2024-10-06T05:09:37.412+0000] {processor.py:839} INFO - DAG(s) dict_keys(['account_dim_generator']) retrieved from /opt/airflow/dags/generate_account_dim.py
[2024-10-06T05:09:37.423+0000] {logging_mixin.py:151} INFO - [2024-10-06T05:09:37.423+0000] {dag.py:2915} INFO - Sync 1 DAGs
[2024-10-06T05:09:37.431+0000] {logging_mixin.py:151} INFO - [2024-10-06T05:09:37.431+0000] {dag.py:3696} INFO - Setting next_dagrun for account_dim_generator to 2024-10-06T00:00:00+00:00, run_after=2024-10-07T00:00:00+00:00
[2024-10-06T05:09:37.445+0000] {processor.py:179} INFO - Processing /opt/airflow/dags/generate_account_dim.py took 0.178 seconds
[2024-10-06T05:10:07.678+0000] {processor.py:157} INFO - Started process (PID=2339) to work on /opt/airflow/dags/generate_account_dim.py
[2024-10-06T05:10:07.679+0000] {processor.py:829} INFO - Processing file /opt/airflow/dags/generate_account_dim.py for tasks to queue
[2024-10-06T05:10:07.680+0000] {logging_mixin.py:151} INFO - [2024-10-06T05:10:07.680+0000] {dagbag.py:539} INFO - Filling up the DagBag from /opt/airflow/dags/generate_account_dim.py
[2024-10-06T05:10:07.809+0000] {processor.py:839} INFO - DAG(s) dict_keys(['account_dim_generator']) retrieved from /opt/airflow/dags/generate_account_dim.py
[2024-10-06T05:10:07.818+0000] {logging_mixin.py:151} INFO - [2024-10-06T05:10:07.818+0000] {dag.py:2915} INFO - Sync 1 DAGs
[2024-10-06T05:10:07.826+0000] {logging_mixin.py:151} INFO - [2024-10-06T05:10:07.826+0000] {dag.py:3696} INFO - Setting next_dagrun for account_dim_generator to 2024-10-06T00:00:00+00:00, run_after=2024-10-07T00:00:00+00:00
[2024-10-06T05:10:07.835+0000] {processor.py:179} INFO - Processing /opt/airflow/dags/generate_account_dim.py took 0.161 seconds
[2024-10-06T05:10:38.098+0000] {processor.py:157} INFO - Started process (PID=2358) to work on /opt/airflow/dags/generate_account_dim.py
[2024-10-06T05:10:38.100+0000] {processor.py:829} INFO - Processing file /opt/airflow/dags/generate_account_dim.py for tasks to queue
[2024-10-06T05:10:38.101+0000] {logging_mixin.py:151} INFO - [2024-10-06T05:10:38.101+0000] {dagbag.py:539} INFO - Filling up the DagBag from /opt/airflow/dags/generate_account_dim.py
[2024-10-06T05:10:38.231+0000] {processor.py:839} INFO - DAG(s) dict_keys(['account_dim_generator']) retrieved from /opt/airflow/dags/generate_account_dim.py
[2024-10-06T05:10:38.241+0000] {logging_mixin.py:151} INFO - [2024-10-06T05:10:38.241+0000] {dag.py:2915} INFO - Sync 1 DAGs
[2024-10-06T05:10:38.250+0000] {logging_mixin.py:151} INFO - [2024-10-06T05:10:38.250+0000] {dag.py:3696} INFO - Setting next_dagrun for account_dim_generator to 2024-10-06T00:00:00+00:00, run_after=2024-10-07T00:00:00+00:00
[2024-10-06T05:10:38.262+0000] {processor.py:179} INFO - Processing /opt/airflow/dags/generate_account_dim.py took 0.168 seconds
[2024-10-06T05:11:08.512+0000] {processor.py:157} INFO - Started process (PID=2377) to work on /opt/airflow/dags/generate_account_dim.py
[2024-10-06T05:11:08.513+0000] {processor.py:829} INFO - Processing file /opt/airflow/dags/generate_account_dim.py for tasks to queue
[2024-10-06T05:11:08.514+0000] {logging_mixin.py:151} INFO - [2024-10-06T05:11:08.514+0000] {dagbag.py:539} INFO - Filling up the DagBag from /opt/airflow/dags/generate_account_dim.py
[2024-10-06T05:11:08.642+0000] {processor.py:839} INFO - DAG(s) dict_keys(['account_dim_generator']) retrieved from /opt/airflow/dags/generate_account_dim.py
[2024-10-06T05:11:08.650+0000] {logging_mixin.py:151} INFO - [2024-10-06T05:11:08.650+0000] {dag.py:2915} INFO - Sync 1 DAGs
[2024-10-06T05:11:08.658+0000] {logging_mixin.py:151} INFO - [2024-10-06T05:11:08.658+0000] {dag.py:3696} INFO - Setting next_dagrun for account_dim_generator to 2024-10-06T00:00:00+00:00, run_after=2024-10-07T00:00:00+00:00
[2024-10-06T05:11:08.672+0000] {processor.py:179} INFO - Processing /opt/airflow/dags/generate_account_dim.py took 0.163 seconds
[2024-10-06T05:11:38.948+0000] {processor.py:157} INFO - Started process (PID=2396) to work on /opt/airflow/dags/generate_account_dim.py
[2024-10-06T05:11:38.948+0000] {processor.py:829} INFO - Processing file /opt/airflow/dags/generate_account_dim.py for tasks to queue
[2024-10-06T05:11:38.949+0000] {logging_mixin.py:151} INFO - [2024-10-06T05:11:38.949+0000] {dagbag.py:539} INFO - Filling up the DagBag from /opt/airflow/dags/generate_account_dim.py
[2024-10-06T05:11:39.074+0000] {processor.py:839} INFO - DAG(s) dict_keys(['account_dim_generator']) retrieved from /opt/airflow/dags/generate_account_dim.py
[2024-10-06T05:11:39.085+0000] {logging_mixin.py:151} INFO - [2024-10-06T05:11:39.084+0000] {dag.py:2915} INFO - Sync 1 DAGs
[2024-10-06T05:11:39.095+0000] {logging_mixin.py:151} INFO - [2024-10-06T05:11:39.095+0000] {dag.py:3696} INFO - Setting next_dagrun for account_dim_generator to 2024-10-06T00:00:00+00:00, run_after=2024-10-07T00:00:00+00:00
[2024-10-06T05:11:39.103+0000] {processor.py:179} INFO - Processing /opt/airflow/dags/generate_account_dim.py took 0.158 seconds
[2024-10-06T05:12:09.375+0000] {processor.py:157} INFO - Started process (PID=2421) to work on /opt/airflow/dags/generate_account_dim.py
[2024-10-06T05:12:09.376+0000] {processor.py:829} INFO - Processing file /opt/airflow/dags/generate_account_dim.py for tasks to queue
[2024-10-06T05:12:09.377+0000] {logging_mixin.py:151} INFO - [2024-10-06T05:12:09.377+0000] {dagbag.py:539} INFO - Filling up the DagBag from /opt/airflow/dags/generate_account_dim.py
[2024-10-06T05:12:09.514+0000] {processor.py:839} INFO - DAG(s) dict_keys(['account_dim_generator']) retrieved from /opt/airflow/dags/generate_account_dim.py
[2024-10-06T05:12:09.528+0000] {logging_mixin.py:151} INFO - [2024-10-06T05:12:09.528+0000] {dag.py:2915} INFO - Sync 1 DAGs
[2024-10-06T05:12:09.536+0000] {logging_mixin.py:151} INFO - [2024-10-06T05:12:09.536+0000] {dag.py:3696} INFO - Setting next_dagrun for account_dim_generator to 2024-10-06T00:00:00+00:00, run_after=2024-10-07T00:00:00+00:00
[2024-10-06T05:12:09.544+0000] {processor.py:179} INFO - Processing /opt/airflow/dags/generate_account_dim.py took 0.172 seconds
[2024-10-06T05:12:39.843+0000] {processor.py:157} INFO - Started process (PID=2445) to work on /opt/airflow/dags/generate_account_dim.py
[2024-10-06T05:12:39.845+0000] {processor.py:829} INFO - Processing file /opt/airflow/dags/generate_account_dim.py for tasks to queue
[2024-10-06T05:12:39.846+0000] {logging_mixin.py:151} INFO - [2024-10-06T05:12:39.845+0000] {dagbag.py:539} INFO - Filling up the DagBag from /opt/airflow/dags/generate_account_dim.py
[2024-10-06T05:12:39.984+0000] {processor.py:839} INFO - DAG(s) dict_keys(['account_dim_generator']) retrieved from /opt/airflow/dags/generate_account_dim.py
[2024-10-06T05:12:39.996+0000] {logging_mixin.py:151} INFO - [2024-10-06T05:12:39.996+0000] {dag.py:2915} INFO - Sync 1 DAGs
[2024-10-06T05:12:40.005+0000] {logging_mixin.py:151} INFO - [2024-10-06T05:12:40.005+0000] {dag.py:3696} INFO - Setting next_dagrun for account_dim_generator to 2024-10-06T00:00:00+00:00, run_after=2024-10-07T00:00:00+00:00
[2024-10-06T05:12:40.012+0000] {processor.py:179} INFO - Processing /opt/airflow/dags/generate_account_dim.py took 0.172 seconds
[2024-10-06T05:13:10.416+0000] {processor.py:157} INFO - Started process (PID=2470) to work on /opt/airflow/dags/generate_account_dim.py
[2024-10-06T05:13:10.418+0000] {processor.py:829} INFO - Processing file /opt/airflow/dags/generate_account_dim.py for tasks to queue
[2024-10-06T05:13:10.419+0000] {logging_mixin.py:151} INFO - [2024-10-06T05:13:10.418+0000] {dagbag.py:539} INFO - Filling up the DagBag from /opt/airflow/dags/generate_account_dim.py
[2024-10-06T05:13:10.547+0000] {processor.py:839} INFO - DAG(s) dict_keys(['account_dim_generator']) retrieved from /opt/airflow/dags/generate_account_dim.py
[2024-10-06T05:13:10.557+0000] {logging_mixin.py:151} INFO - [2024-10-06T05:13:10.556+0000] {dag.py:2915} INFO - Sync 1 DAGs
[2024-10-06T05:13:10.564+0000] {logging_mixin.py:151} INFO - [2024-10-06T05:13:10.564+0000] {dag.py:3696} INFO - Setting next_dagrun for account_dim_generator to 2024-10-06T00:00:00+00:00, run_after=2024-10-07T00:00:00+00:00
[2024-10-06T05:13:10.575+0000] {processor.py:179} INFO - Processing /opt/airflow/dags/generate_account_dim.py took 0.162 seconds
[2024-10-06T05:13:40.894+0000] {processor.py:157} INFO - Started process (PID=2495) to work on /opt/airflow/dags/generate_account_dim.py
[2024-10-06T05:13:40.896+0000] {processor.py:829} INFO - Processing file /opt/airflow/dags/generate_account_dim.py for tasks to queue
[2024-10-06T05:13:40.896+0000] {logging_mixin.py:151} INFO - [2024-10-06T05:13:40.896+0000] {dagbag.py:539} INFO - Filling up the DagBag from /opt/airflow/dags/generate_account_dim.py
[2024-10-06T05:13:41.033+0000] {processor.py:839} INFO - DAG(s) dict_keys(['account_dim_generator']) retrieved from /opt/airflow/dags/generate_account_dim.py
[2024-10-06T05:13:41.044+0000] {logging_mixin.py:151} INFO - [2024-10-06T05:13:41.044+0000] {dag.py:2915} INFO - Sync 1 DAGs
[2024-10-06T05:13:41.052+0000] {logging_mixin.py:151} INFO - [2024-10-06T05:13:41.052+0000] {dag.py:3696} INFO - Setting next_dagrun for account_dim_generator to 2024-10-06T00:00:00+00:00, run_after=2024-10-07T00:00:00+00:00
[2024-10-06T05:13:41.061+0000] {processor.py:179} INFO - Processing /opt/airflow/dags/generate_account_dim.py took 0.171 seconds
[2024-10-06T05:14:11.493+0000] {processor.py:157} INFO - Started process (PID=2520) to work on /opt/airflow/dags/generate_account_dim.py
[2024-10-06T05:14:11.494+0000] {processor.py:829} INFO - Processing file /opt/airflow/dags/generate_account_dim.py for tasks to queue
[2024-10-06T05:14:11.495+0000] {logging_mixin.py:151} INFO - [2024-10-06T05:14:11.495+0000] {dagbag.py:539} INFO - Filling up the DagBag from /opt/airflow/dags/generate_account_dim.py
[2024-10-06T05:14:11.652+0000] {processor.py:839} INFO - DAG(s) dict_keys(['account_dim_generator']) retrieved from /opt/airflow/dags/generate_account_dim.py
[2024-10-06T05:14:11.698+0000] {logging_mixin.py:151} INFO - [2024-10-06T05:14:11.676+0000] {dag.py:2915} INFO - Sync 1 DAGs
[2024-10-06T05:14:11.723+0000] {logging_mixin.py:151} INFO - [2024-10-06T05:14:11.723+0000] {dag.py:3696} INFO - Setting next_dagrun for account_dim_generator to 2024-10-06T00:00:00+00:00, run_after=2024-10-07T00:00:00+00:00
[2024-10-06T05:14:11.739+0000] {processor.py:179} INFO - Processing /opt/airflow/dags/generate_account_dim.py took 0.250 seconds
[2024-10-06T05:14:42.069+0000] {processor.py:157} INFO - Started process (PID=2545) to work on /opt/airflow/dags/generate_account_dim.py
[2024-10-06T05:14:42.070+0000] {processor.py:829} INFO - Processing file /opt/airflow/dags/generate_account_dim.py for tasks to queue
[2024-10-06T05:14:42.070+0000] {logging_mixin.py:151} INFO - [2024-10-06T05:14:42.070+0000] {dagbag.py:539} INFO - Filling up the DagBag from /opt/airflow/dags/generate_account_dim.py
[2024-10-06T05:14:42.223+0000] {processor.py:839} INFO - DAG(s) dict_keys(['account_dim_generator']) retrieved from /opt/airflow/dags/generate_account_dim.py
[2024-10-06T05:14:42.233+0000] {logging_mixin.py:151} INFO - [2024-10-06T05:14:42.232+0000] {dag.py:2915} INFO - Sync 1 DAGs
[2024-10-06T05:14:42.240+0000] {logging_mixin.py:151} INFO - [2024-10-06T05:14:42.240+0000] {dag.py:3696} INFO - Setting next_dagrun for account_dim_generator to 2024-10-06T00:00:00+00:00, run_after=2024-10-07T00:00:00+00:00
[2024-10-06T05:14:42.247+0000] {processor.py:179} INFO - Processing /opt/airflow/dags/generate_account_dim.py took 0.182 seconds
[2024-10-06T05:15:12.621+0000] {processor.py:157} INFO - Started process (PID=2570) to work on /opt/airflow/dags/generate_account_dim.py
[2024-10-06T05:15:12.623+0000] {processor.py:829} INFO - Processing file /opt/airflow/dags/generate_account_dim.py for tasks to queue
[2024-10-06T05:15:12.623+0000] {logging_mixin.py:151} INFO - [2024-10-06T05:15:12.623+0000] {dagbag.py:539} INFO - Filling up the DagBag from /opt/airflow/dags/generate_account_dim.py
[2024-10-06T05:15:12.769+0000] {processor.py:839} INFO - DAG(s) dict_keys(['account_dim_generator']) retrieved from /opt/airflow/dags/generate_account_dim.py
[2024-10-06T05:15:12.784+0000] {logging_mixin.py:151} INFO - [2024-10-06T05:15:12.784+0000] {dag.py:2915} INFO - Sync 1 DAGs
[2024-10-06T05:15:12.793+0000] {logging_mixin.py:151} INFO - [2024-10-06T05:15:12.793+0000] {dag.py:3696} INFO - Setting next_dagrun for account_dim_generator to 2024-10-06T00:00:00+00:00, run_after=2024-10-07T00:00:00+00:00
[2024-10-06T05:15:12.803+0000] {processor.py:179} INFO - Processing /opt/airflow/dags/generate_account_dim.py took 0.186 seconds
[2024-10-06T05:15:43.155+0000] {processor.py:157} INFO - Started process (PID=2595) to work on /opt/airflow/dags/generate_account_dim.py
[2024-10-06T05:15:43.156+0000] {processor.py:829} INFO - Processing file /opt/airflow/dags/generate_account_dim.py for tasks to queue
[2024-10-06T05:15:43.156+0000] {logging_mixin.py:151} INFO - [2024-10-06T05:15:43.156+0000] {dagbag.py:539} INFO - Filling up the DagBag from /opt/airflow/dags/generate_account_dim.py
[2024-10-06T05:15:43.292+0000] {processor.py:839} INFO - DAG(s) dict_keys(['account_dim_generator']) retrieved from /opt/airflow/dags/generate_account_dim.py
[2024-10-06T05:15:43.303+0000] {logging_mixin.py:151} INFO - [2024-10-06T05:15:43.303+0000] {dag.py:2915} INFO - Sync 1 DAGs
[2024-10-06T05:15:43.312+0000] {logging_mixin.py:151} INFO - [2024-10-06T05:15:43.311+0000] {dag.py:3696} INFO - Setting next_dagrun for account_dim_generator to 2024-10-06T00:00:00+00:00, run_after=2024-10-07T00:00:00+00:00
[2024-10-06T05:15:43.320+0000] {processor.py:179} INFO - Processing /opt/airflow/dags/generate_account_dim.py took 0.169 seconds
[2024-10-06T05:16:13.707+0000] {processor.py:157} INFO - Started process (PID=2620) to work on /opt/airflow/dags/generate_account_dim.py
[2024-10-06T05:16:13.708+0000] {processor.py:829} INFO - Processing file /opt/airflow/dags/generate_account_dim.py for tasks to queue
[2024-10-06T05:16:13.709+0000] {logging_mixin.py:151} INFO - [2024-10-06T05:16:13.708+0000] {dagbag.py:539} INFO - Filling up the DagBag from /opt/airflow/dags/generate_account_dim.py
[2024-10-06T05:16:13.855+0000] {processor.py:839} INFO - DAG(s) dict_keys(['account_dim_generator']) retrieved from /opt/airflow/dags/generate_account_dim.py
[2024-10-06T05:16:13.866+0000] {logging_mixin.py:151} INFO - [2024-10-06T05:16:13.865+0000] {dag.py:2915} INFO - Sync 1 DAGs
[2024-10-06T05:16:13.874+0000] {logging_mixin.py:151} INFO - [2024-10-06T05:16:13.874+0000] {dag.py:3696} INFO - Setting next_dagrun for account_dim_generator to 2024-10-06T00:00:00+00:00, run_after=2024-10-07T00:00:00+00:00
[2024-10-06T05:16:13.881+0000] {processor.py:179} INFO - Processing /opt/airflow/dags/generate_account_dim.py took 0.177 seconds
[2024-10-06T05:16:44.172+0000] {processor.py:157} INFO - Started process (PID=2645) to work on /opt/airflow/dags/generate_account_dim.py
[2024-10-06T05:16:44.174+0000] {processor.py:829} INFO - Processing file /opt/airflow/dags/generate_account_dim.py for tasks to queue
[2024-10-06T05:16:44.175+0000] {logging_mixin.py:151} INFO - [2024-10-06T05:16:44.174+0000] {dagbag.py:539} INFO - Filling up the DagBag from /opt/airflow/dags/generate_account_dim.py
[2024-10-06T05:16:44.300+0000] {processor.py:839} INFO - DAG(s) dict_keys(['account_dim_generator']) retrieved from /opt/airflow/dags/generate_account_dim.py
[2024-10-06T05:16:44.309+0000] {logging_mixin.py:151} INFO - [2024-10-06T05:16:44.309+0000] {dag.py:2915} INFO - Sync 1 DAGs
[2024-10-06T05:16:44.316+0000] {logging_mixin.py:151} INFO - [2024-10-06T05:16:44.316+0000] {dag.py:3696} INFO - Setting next_dagrun for account_dim_generator to 2024-10-06T00:00:00+00:00, run_after=2024-10-07T00:00:00+00:00
[2024-10-06T05:16:44.333+0000] {processor.py:179} INFO - Processing /opt/airflow/dags/generate_account_dim.py took 0.165 seconds
[2024-10-06T05:17:14.758+0000] {processor.py:157} INFO - Started process (PID=2673) to work on /opt/airflow/dags/generate_account_dim.py
[2024-10-06T05:17:14.760+0000] {processor.py:829} INFO - Processing file /opt/airflow/dags/generate_account_dim.py for tasks to queue
[2024-10-06T05:17:14.761+0000] {logging_mixin.py:151} INFO - [2024-10-06T05:17:14.761+0000] {dagbag.py:539} INFO - Filling up the DagBag from /opt/airflow/dags/generate_account_dim.py
[2024-10-06T05:17:14.889+0000] {processor.py:839} INFO - DAG(s) dict_keys(['account_dim_generator']) retrieved from /opt/airflow/dags/generate_account_dim.py
[2024-10-06T05:17:14.898+0000] {logging_mixin.py:151} INFO - [2024-10-06T05:17:14.898+0000] {dag.py:2915} INFO - Sync 1 DAGs
[2024-10-06T05:17:14.907+0000] {logging_mixin.py:151} INFO - [2024-10-06T05:17:14.907+0000] {dag.py:3696} INFO - Setting next_dagrun for account_dim_generator to 2024-10-06T00:00:00+00:00, run_after=2024-10-07T00:00:00+00:00
[2024-10-06T05:17:14.918+0000] {processor.py:179} INFO - Processing /opt/airflow/dags/generate_account_dim.py took 0.162 seconds
[2024-10-06T05:17:45.187+0000] {processor.py:157} INFO - Started process (PID=2698) to work on /opt/airflow/dags/generate_account_dim.py
[2024-10-06T05:17:45.188+0000] {processor.py:829} INFO - Processing file /opt/airflow/dags/generate_account_dim.py for tasks to queue
[2024-10-06T05:17:45.189+0000] {logging_mixin.py:151} INFO - [2024-10-06T05:17:45.189+0000] {dagbag.py:539} INFO - Filling up the DagBag from /opt/airflow/dags/generate_account_dim.py
[2024-10-06T05:17:45.314+0000] {processor.py:839} INFO - DAG(s) dict_keys(['account_dim_generator']) retrieved from /opt/airflow/dags/generate_account_dim.py
[2024-10-06T05:17:45.324+0000] {logging_mixin.py:151} INFO - [2024-10-06T05:17:45.324+0000] {dag.py:2915} INFO - Sync 1 DAGs
[2024-10-06T05:17:45.332+0000] {logging_mixin.py:151} INFO - [2024-10-06T05:17:45.332+0000] {dag.py:3696} INFO - Setting next_dagrun for account_dim_generator to 2024-10-06T00:00:00+00:00, run_after=2024-10-07T00:00:00+00:00
[2024-10-06T05:17:45.342+0000] {processor.py:179} INFO - Processing /opt/airflow/dags/generate_account_dim.py took 0.158 seconds
[2024-10-06T05:17:46.374+0000] {processor.py:157} INFO - Started process (PID=2704) to work on /opt/airflow/dags/generate_account_dim.py
[2024-10-06T05:17:46.375+0000] {processor.py:829} INFO - Processing file /opt/airflow/dags/generate_account_dim.py for tasks to queue
[2024-10-06T05:17:46.376+0000] {logging_mixin.py:151} INFO - [2024-10-06T05:17:46.375+0000] {dagbag.py:539} INFO - Filling up the DagBag from /opt/airflow/dags/generate_account_dim.py
[2024-10-06T05:17:46.569+0000] {processor.py:839} INFO - DAG(s) dict_keys(['account_dim_generator']) retrieved from /opt/airflow/dags/generate_account_dim.py
[2024-10-06T05:17:46.590+0000] {logging_mixin.py:151} INFO - [2024-10-06T05:17:46.589+0000] {dag.py:2915} INFO - Sync 1 DAGs
[2024-10-06T05:17:46.604+0000] {logging_mixin.py:151} INFO - [2024-10-06T05:17:46.604+0000] {dag.py:3696} INFO - Setting next_dagrun for account_dim_generator to 2024-10-06T00:00:00+00:00, run_after=2024-10-07T00:00:00+00:00
[2024-10-06T05:17:46.619+0000] {processor.py:179} INFO - Processing /opt/airflow/dags/generate_account_dim.py took 0.249 seconds
[2024-10-06T05:18:16.924+0000] {processor.py:157} INFO - Started process (PID=2729) to work on /opt/airflow/dags/generate_account_dim.py
[2024-10-06T05:18:16.925+0000] {processor.py:829} INFO - Processing file /opt/airflow/dags/generate_account_dim.py for tasks to queue
[2024-10-06T05:18:16.926+0000] {logging_mixin.py:151} INFO - [2024-10-06T05:18:16.925+0000] {dagbag.py:539} INFO - Filling up the DagBag from /opt/airflow/dags/generate_account_dim.py
[2024-10-06T05:18:17.065+0000] {processor.py:839} INFO - DAG(s) dict_keys(['account_dim_generator']) retrieved from /opt/airflow/dags/generate_account_dim.py
[2024-10-06T05:18:17.077+0000] {logging_mixin.py:151} INFO - [2024-10-06T05:18:17.076+0000] {dag.py:2915} INFO - Sync 1 DAGs
[2024-10-06T05:18:17.086+0000] {logging_mixin.py:151} INFO - [2024-10-06T05:18:17.086+0000] {dag.py:3696} INFO - Setting next_dagrun for account_dim_generator to 2024-10-06T00:00:00+00:00, run_after=2024-10-07T00:00:00+00:00
[2024-10-06T05:18:17.093+0000] {processor.py:179} INFO - Processing /opt/airflow/dags/generate_account_dim.py took 0.173 seconds
[2024-10-06T05:18:47.368+0000] {processor.py:157} INFO - Started process (PID=2754) to work on /opt/airflow/dags/generate_account_dim.py
[2024-10-06T05:18:47.369+0000] {processor.py:829} INFO - Processing file /opt/airflow/dags/generate_account_dim.py for tasks to queue
[2024-10-06T05:18:47.370+0000] {logging_mixin.py:151} INFO - [2024-10-06T05:18:47.370+0000] {dagbag.py:539} INFO - Filling up the DagBag from /opt/airflow/dags/generate_account_dim.py
[2024-10-06T05:18:47.512+0000] {processor.py:839} INFO - DAG(s) dict_keys(['account_dim_generator']) retrieved from /opt/airflow/dags/generate_account_dim.py
[2024-10-06T05:18:47.524+0000] {logging_mixin.py:151} INFO - [2024-10-06T05:18:47.524+0000] {dag.py:2915} INFO - Sync 1 DAGs
[2024-10-06T05:18:47.533+0000] {logging_mixin.py:151} INFO - [2024-10-06T05:18:47.533+0000] {dag.py:3696} INFO - Setting next_dagrun for account_dim_generator to 2024-10-06T00:00:00+00:00, run_after=2024-10-07T00:00:00+00:00
[2024-10-06T05:18:47.544+0000] {processor.py:179} INFO - Processing /opt/airflow/dags/generate_account_dim.py took 0.180 seconds
[2024-10-06T05:19:17.812+0000] {processor.py:157} INFO - Started process (PID=2779) to work on /opt/airflow/dags/generate_account_dim.py
[2024-10-06T05:19:17.813+0000] {processor.py:829} INFO - Processing file /opt/airflow/dags/generate_account_dim.py for tasks to queue
[2024-10-06T05:19:17.813+0000] {logging_mixin.py:151} INFO - [2024-10-06T05:19:17.813+0000] {dagbag.py:539} INFO - Filling up the DagBag from /opt/airflow/dags/generate_account_dim.py
[2024-10-06T05:19:17.952+0000] {processor.py:839} INFO - DAG(s) dict_keys(['account_dim_generator']) retrieved from /opt/airflow/dags/generate_account_dim.py
[2024-10-06T05:19:17.963+0000] {logging_mixin.py:151} INFO - [2024-10-06T05:19:17.962+0000] {dag.py:2915} INFO - Sync 1 DAGs
[2024-10-06T05:19:17.972+0000] {logging_mixin.py:151} INFO - [2024-10-06T05:19:17.972+0000] {dag.py:3696} INFO - Setting next_dagrun for account_dim_generator to 2024-10-06T00:00:00+00:00, run_after=2024-10-07T00:00:00+00:00
[2024-10-06T05:19:17.983+0000] {processor.py:179} INFO - Processing /opt/airflow/dags/generate_account_dim.py took 0.175 seconds
[2024-10-06T05:19:48.269+0000] {processor.py:157} INFO - Started process (PID=2805) to work on /opt/airflow/dags/generate_account_dim.py
[2024-10-06T05:19:48.270+0000] {processor.py:829} INFO - Processing file /opt/airflow/dags/generate_account_dim.py for tasks to queue
[2024-10-06T05:19:48.270+0000] {logging_mixin.py:151} INFO - [2024-10-06T05:19:48.270+0000] {dagbag.py:539} INFO - Filling up the DagBag from /opt/airflow/dags/generate_account_dim.py
[2024-10-06T05:19:48.404+0000] {processor.py:839} INFO - DAG(s) dict_keys(['account_dim_generator']) retrieved from /opt/airflow/dags/generate_account_dim.py
[2024-10-06T05:19:48.414+0000] {logging_mixin.py:151} INFO - [2024-10-06T05:19:48.413+0000] {dag.py:2915} INFO - Sync 1 DAGs
[2024-10-06T05:19:48.422+0000] {logging_mixin.py:151} INFO - [2024-10-06T05:19:48.422+0000] {dag.py:3696} INFO - Setting next_dagrun for account_dim_generator to 2024-10-06T00:00:00+00:00, run_after=2024-10-07T00:00:00+00:00
[2024-10-06T05:19:48.430+0000] {processor.py:179} INFO - Processing /opt/airflow/dags/generate_account_dim.py took 0.165 seconds
[2024-10-06T05:20:18.719+0000] {processor.py:157} INFO - Started process (PID=2830) to work on /opt/airflow/dags/generate_account_dim.py
[2024-10-06T05:20:18.719+0000] {processor.py:829} INFO - Processing file /opt/airflow/dags/generate_account_dim.py for tasks to queue
[2024-10-06T05:20:18.720+0000] {logging_mixin.py:151} INFO - [2024-10-06T05:20:18.720+0000] {dagbag.py:539} INFO - Filling up the DagBag from /opt/airflow/dags/generate_account_dim.py
[2024-10-06T05:20:18.874+0000] {processor.py:839} INFO - DAG(s) dict_keys(['account_dim_generator']) retrieved from /opt/airflow/dags/generate_account_dim.py
[2024-10-06T05:20:18.886+0000] {logging_mixin.py:151} INFO - [2024-10-06T05:20:18.886+0000] {dag.py:2915} INFO - Sync 1 DAGs
[2024-10-06T05:20:18.895+0000] {logging_mixin.py:151} INFO - [2024-10-06T05:20:18.895+0000] {dag.py:3696} INFO - Setting next_dagrun for account_dim_generator to 2024-10-06T00:00:00+00:00, run_after=2024-10-07T00:00:00+00:00
[2024-10-06T05:20:18.903+0000] {processor.py:179} INFO - Processing /opt/airflow/dags/generate_account_dim.py took 0.189 seconds
[2024-10-06T05:20:49.202+0000] {processor.py:157} INFO - Started process (PID=2855) to work on /opt/airflow/dags/generate_account_dim.py
[2024-10-06T05:20:49.203+0000] {processor.py:829} INFO - Processing file /opt/airflow/dags/generate_account_dim.py for tasks to queue
[2024-10-06T05:20:49.204+0000] {logging_mixin.py:151} INFO - [2024-10-06T05:20:49.204+0000] {dagbag.py:539} INFO - Filling up the DagBag from /opt/airflow/dags/generate_account_dim.py
[2024-10-06T05:20:49.351+0000] {processor.py:839} INFO - DAG(s) dict_keys(['account_dim_generator']) retrieved from /opt/airflow/dags/generate_account_dim.py
[2024-10-06T05:20:49.364+0000] {logging_mixin.py:151} INFO - [2024-10-06T05:20:49.363+0000] {dag.py:2915} INFO - Sync 1 DAGs
[2024-10-06T05:20:49.373+0000] {logging_mixin.py:151} INFO - [2024-10-06T05:20:49.373+0000] {dag.py:3696} INFO - Setting next_dagrun for account_dim_generator to 2024-10-06T00:00:00+00:00, run_after=2024-10-07T00:00:00+00:00
[2024-10-06T05:20:49.383+0000] {processor.py:179} INFO - Processing /opt/airflow/dags/generate_account_dim.py took 0.186 seconds
[2024-10-06T05:21:19.661+0000] {processor.py:157} INFO - Started process (PID=2880) to work on /opt/airflow/dags/generate_account_dim.py
[2024-10-06T05:21:19.663+0000] {processor.py:829} INFO - Processing file /opt/airflow/dags/generate_account_dim.py for tasks to queue
[2024-10-06T05:21:19.664+0000] {logging_mixin.py:151} INFO - [2024-10-06T05:21:19.664+0000] {dagbag.py:539} INFO - Filling up the DagBag from /opt/airflow/dags/generate_account_dim.py
[2024-10-06T05:21:19.803+0000] {processor.py:839} INFO - DAG(s) dict_keys(['account_dim_generator']) retrieved from /opt/airflow/dags/generate_account_dim.py
[2024-10-06T05:21:19.814+0000] {logging_mixin.py:151} INFO - [2024-10-06T05:21:19.814+0000] {dag.py:2915} INFO - Sync 1 DAGs
[2024-10-06T05:21:19.823+0000] {logging_mixin.py:151} INFO - [2024-10-06T05:21:19.823+0000] {dag.py:3696} INFO - Setting next_dagrun for account_dim_generator to 2024-10-06T00:00:00+00:00, run_after=2024-10-07T00:00:00+00:00
[2024-10-06T05:21:19.838+0000] {processor.py:179} INFO - Processing /opt/airflow/dags/generate_account_dim.py took 0.181 seconds
[2024-10-06T05:21:50.133+0000] {processor.py:157} INFO - Started process (PID=2905) to work on /opt/airflow/dags/generate_account_dim.py
[2024-10-06T05:21:50.135+0000] {processor.py:829} INFO - Processing file /opt/airflow/dags/generate_account_dim.py for tasks to queue
[2024-10-06T05:21:50.136+0000] {logging_mixin.py:151} INFO - [2024-10-06T05:21:50.136+0000] {dagbag.py:539} INFO - Filling up the DagBag from /opt/airflow/dags/generate_account_dim.py
[2024-10-06T05:21:50.264+0000] {processor.py:839} INFO - DAG(s) dict_keys(['account_dim_generator']) retrieved from /opt/airflow/dags/generate_account_dim.py
[2024-10-06T05:21:50.276+0000] {logging_mixin.py:151} INFO - [2024-10-06T05:21:50.276+0000] {dag.py:2915} INFO - Sync 1 DAGs
[2024-10-06T05:21:50.286+0000] {logging_mixin.py:151} INFO - [2024-10-06T05:21:50.286+0000] {dag.py:3696} INFO - Setting next_dagrun for account_dim_generator to 2024-10-06T00:00:00+00:00, run_after=2024-10-07T00:00:00+00:00
[2024-10-06T05:21:50.298+0000] {processor.py:179} INFO - Processing /opt/airflow/dags/generate_account_dim.py took 0.169 seconds
[2024-10-06T05:22:20.616+0000] {processor.py:157} INFO - Started process (PID=2930) to work on /opt/airflow/dags/generate_account_dim.py
[2024-10-06T05:22:20.618+0000] {processor.py:829} INFO - Processing file /opt/airflow/dags/generate_account_dim.py for tasks to queue
[2024-10-06T05:22:20.618+0000] {logging_mixin.py:151} INFO - [2024-10-06T05:22:20.618+0000] {dagbag.py:539} INFO - Filling up the DagBag from /opt/airflow/dags/generate_account_dim.py
[2024-10-06T05:22:20.751+0000] {processor.py:839} INFO - DAG(s) dict_keys(['account_dim_generator']) retrieved from /opt/airflow/dags/generate_account_dim.py
[2024-10-06T05:22:20.763+0000] {logging_mixin.py:151} INFO - [2024-10-06T05:22:20.762+0000] {dag.py:2915} INFO - Sync 1 DAGs
[2024-10-06T05:22:20.773+0000] {logging_mixin.py:151} INFO - [2024-10-06T05:22:20.773+0000] {dag.py:3696} INFO - Setting next_dagrun for account_dim_generator to 2024-10-06T00:00:00+00:00, run_after=2024-10-07T00:00:00+00:00
[2024-10-06T05:22:20.786+0000] {processor.py:179} INFO - Processing /opt/airflow/dags/generate_account_dim.py took 0.175 seconds
[2024-10-06T05:22:51.092+0000] {processor.py:157} INFO - Started process (PID=2955) to work on /opt/airflow/dags/generate_account_dim.py
[2024-10-06T05:22:51.094+0000] {processor.py:829} INFO - Processing file /opt/airflow/dags/generate_account_dim.py for tasks to queue
[2024-10-06T05:22:51.094+0000] {logging_mixin.py:151} INFO - [2024-10-06T05:22:51.094+0000] {dagbag.py:539} INFO - Filling up the DagBag from /opt/airflow/dags/generate_account_dim.py
[2024-10-06T05:22:51.223+0000] {processor.py:839} INFO - DAG(s) dict_keys(['account_dim_generator']) retrieved from /opt/airflow/dags/generate_account_dim.py
[2024-10-06T05:22:51.232+0000] {logging_mixin.py:151} INFO - [2024-10-06T05:22:51.232+0000] {dag.py:2915} INFO - Sync 1 DAGs
[2024-10-06T05:22:51.240+0000] {logging_mixin.py:151} INFO - [2024-10-06T05:22:51.240+0000] {dag.py:3696} INFO - Setting next_dagrun for account_dim_generator to 2024-10-06T00:00:00+00:00, run_after=2024-10-07T00:00:00+00:00
[2024-10-06T05:22:51.255+0000] {processor.py:179} INFO - Processing /opt/airflow/dags/generate_account_dim.py took 0.167 seconds
[2024-10-06T05:23:21.545+0000] {processor.py:157} INFO - Started process (PID=2980) to work on /opt/airflow/dags/generate_account_dim.py
[2024-10-06T05:23:21.547+0000] {processor.py:829} INFO - Processing file /opt/airflow/dags/generate_account_dim.py for tasks to queue
[2024-10-06T05:23:21.548+0000] {logging_mixin.py:151} INFO - [2024-10-06T05:23:21.548+0000] {dagbag.py:539} INFO - Filling up the DagBag from /opt/airflow/dags/generate_account_dim.py
[2024-10-06T05:23:21.677+0000] {processor.py:839} INFO - DAG(s) dict_keys(['account_dim_generator']) retrieved from /opt/airflow/dags/generate_account_dim.py
[2024-10-06T05:23:21.686+0000] {logging_mixin.py:151} INFO - [2024-10-06T05:23:21.686+0000] {dag.py:2915} INFO - Sync 1 DAGs
[2024-10-06T05:23:21.695+0000] {logging_mixin.py:151} INFO - [2024-10-06T05:23:21.695+0000] {dag.py:3696} INFO - Setting next_dagrun for account_dim_generator to 2024-10-06T00:00:00+00:00, run_after=2024-10-07T00:00:00+00:00
[2024-10-06T05:23:21.704+0000] {processor.py:179} INFO - Processing /opt/airflow/dags/generate_account_dim.py took 0.163 seconds
[2024-10-06T05:23:51.980+0000] {processor.py:157} INFO - Started process (PID=3005) to work on /opt/airflow/dags/generate_account_dim.py
[2024-10-06T05:23:51.982+0000] {processor.py:829} INFO - Processing file /opt/airflow/dags/generate_account_dim.py for tasks to queue
[2024-10-06T05:23:51.982+0000] {logging_mixin.py:151} INFO - [2024-10-06T05:23:51.982+0000] {dagbag.py:539} INFO - Filling up the DagBag from /opt/airflow/dags/generate_account_dim.py
[2024-10-06T05:23:52.108+0000] {processor.py:839} INFO - DAG(s) dict_keys(['account_dim_generator']) retrieved from /opt/airflow/dags/generate_account_dim.py
[2024-10-06T05:23:52.118+0000] {logging_mixin.py:151} INFO - [2024-10-06T05:23:52.117+0000] {dag.py:2915} INFO - Sync 1 DAGs
[2024-10-06T05:23:52.125+0000] {logging_mixin.py:151} INFO - [2024-10-06T05:23:52.125+0000] {dag.py:3696} INFO - Setting next_dagrun for account_dim_generator to 2024-10-06T00:00:00+00:00, run_after=2024-10-07T00:00:00+00:00
[2024-10-06T05:23:52.133+0000] {processor.py:179} INFO - Processing /opt/airflow/dags/generate_account_dim.py took 0.157 seconds
