[2024-10-06T05:12:06.331+0000] {processor.py:157} INFO - Started process (PID=2416) to work on /opt/airflow/dags/generate_customer_dim.py
[2024-10-06T05:12:06.332+0000] {processor.py:829} INFO - Processing file /opt/airflow/dags/generate_customer_dim.py for tasks to queue
[2024-10-06T05:12:06.332+0000] {logging_mixin.py:151} INFO - [2024-10-06T05:12:06.332+0000] {dagbag.py:539} INFO - Filling up the DagBag from /opt/airflow/dags/generate_customer_dim.py
[2024-10-06T05:12:06.334+0000] {logging_mixin.py:151} INFO - [2024-10-06T05:12:06.333+0000] {dagbag.py:347} ERROR - Failed to import: /opt/airflow/dags/generate_customer_dim.py
Traceback (most recent call last):
  File "/home/airflow/.local/lib/python3.8/site-packages/airflow/models/dagbag.py", line 343, in parse
    loader.exec_module(new_module)
  File "<frozen importlib._bootstrap_external>", line 839, in exec_module
  File "<frozen importlib._bootstrap_external>", line 976, in get_code
  File "<frozen importlib._bootstrap_external>", line 906, in source_to_code
  File "<frozen importlib._bootstrap>", line 219, in _call_with_frames_removed
  File "/opt/airflow/dags/generate_customer_dim.py", line 26
    email = f"@example.com">customer{row_num}@example.com"
                                    ^
SyntaxError: invalid syntax
[2024-10-06T05:12:06.334+0000] {processor.py:841} WARNING - No viable dags retrieved from /opt/airflow/dags/generate_customer_dim.py
[2024-10-06T05:12:06.347+0000] {processor.py:179} INFO - Processing /opt/airflow/dags/generate_customer_dim.py took 0.017 seconds
[2024-10-06T05:12:33.767+0000] {processor.py:157} INFO - Started process (PID=2439) to work on /opt/airflow/dags/generate_customer_dim.py
[2024-10-06T05:12:33.768+0000] {processor.py:829} INFO - Processing file /opt/airflow/dags/generate_customer_dim.py for tasks to queue
[2024-10-06T05:12:33.768+0000] {logging_mixin.py:151} INFO - [2024-10-06T05:12:33.768+0000] {dagbag.py:539} INFO - Filling up the DagBag from /opt/airflow/dags/generate_customer_dim.py
[2024-10-06T05:12:33.893+0000] {processor.py:839} INFO - DAG(s) dict_keys(['customer_dim_generator']) retrieved from /opt/airflow/dags/generate_customer_dim.py
[2024-10-06T05:12:33.935+0000] {logging_mixin.py:151} INFO - [2024-10-06T05:12:33.935+0000] {manager.py:499} INFO - Created Permission View: %s
[2024-10-06T05:12:33.940+0000] {logging_mixin.py:151} INFO - [2024-10-06T05:12:33.940+0000] {manager.py:499} INFO - Created Permission View: %s
[2024-10-06T05:12:33.943+0000] {logging_mixin.py:151} INFO - [2024-10-06T05:12:33.943+0000] {manager.py:499} INFO - Created Permission View: %s
[2024-10-06T05:12:33.943+0000] {logging_mixin.py:151} INFO - [2024-10-06T05:12:33.943+0000] {security.py:708} INFO - Not syncing DAG-level permissions for DAG 'DAG:customer_dim_generator' as access control is unset.
[2024-10-06T05:12:33.943+0000] {logging_mixin.py:151} INFO - [2024-10-06T05:12:33.943+0000] {dag.py:2915} INFO - Sync 1 DAGs
[2024-10-06T05:12:33.947+0000] {logging_mixin.py:151} INFO - [2024-10-06T05:12:33.947+0000] {dag.py:2937} INFO - Creating ORM DAG for customer_dim_generator
[2024-10-06T05:12:33.950+0000] {logging_mixin.py:151} INFO - [2024-10-06T05:12:33.950+0000] {dag.py:3696} INFO - Setting next_dagrun for customer_dim_generator to 2024-10-06T00:00:00+00:00, run_after=2024-10-07T00:00:00+00:00
[2024-10-06T05:12:33.961+0000] {processor.py:179} INFO - Processing /opt/airflow/dags/generate_customer_dim.py took 0.197 seconds
[2024-10-06T05:13:04.210+0000] {processor.py:157} INFO - Started process (PID=2464) to work on /opt/airflow/dags/generate_customer_dim.py
[2024-10-06T05:13:04.211+0000] {processor.py:829} INFO - Processing file /opt/airflow/dags/generate_customer_dim.py for tasks to queue
[2024-10-06T05:13:04.212+0000] {logging_mixin.py:151} INFO - [2024-10-06T05:13:04.212+0000] {dagbag.py:539} INFO - Filling up the DagBag from /opt/airflow/dags/generate_customer_dim.py
[2024-10-06T05:13:04.356+0000] {processor.py:839} INFO - DAG(s) dict_keys(['customer_dim_generator']) retrieved from /opt/airflow/dags/generate_customer_dim.py
[2024-10-06T05:13:04.366+0000] {logging_mixin.py:151} INFO - [2024-10-06T05:13:04.366+0000] {dag.py:2915} INFO - Sync 1 DAGs
[2024-10-06T05:13:04.376+0000] {logging_mixin.py:151} INFO - [2024-10-06T05:13:04.376+0000] {dag.py:3696} INFO - Setting next_dagrun for customer_dim_generator to 2024-10-06T00:00:00+00:00, run_after=2024-10-07T00:00:00+00:00
[2024-10-06T05:13:04.383+0000] {processor.py:179} INFO - Processing /opt/airflow/dags/generate_customer_dim.py took 0.176 seconds
[2024-10-06T05:13:26.737+0000] {processor.py:157} INFO - Started process (PID=2482) to work on /opt/airflow/dags/generate_customer_dim.py
[2024-10-06T05:13:26.739+0000] {processor.py:829} INFO - Processing file /opt/airflow/dags/generate_customer_dim.py for tasks to queue
[2024-10-06T05:13:26.739+0000] {logging_mixin.py:151} INFO - [2024-10-06T05:13:26.739+0000] {dagbag.py:539} INFO - Filling up the DagBag from /opt/airflow/dags/generate_customer_dim.py
[2024-10-06T05:13:26.897+0000] {processor.py:839} INFO - DAG(s) dict_keys(['customer_dim_generator']) retrieved from /opt/airflow/dags/generate_customer_dim.py
[2024-10-06T05:13:26.911+0000] {logging_mixin.py:151} INFO - [2024-10-06T05:13:26.910+0000] {dag.py:2915} INFO - Sync 1 DAGs
[2024-10-06T05:13:26.918+0000] {logging_mixin.py:151} INFO - [2024-10-06T05:13:26.918+0000] {dag.py:3696} INFO - Setting next_dagrun for customer_dim_generator to 2024-10-06T00:00:00+00:00, run_after=2024-10-07T00:00:00+00:00
[2024-10-06T05:13:26.927+0000] {processor.py:179} INFO - Processing /opt/airflow/dags/generate_customer_dim.py took 0.193 seconds
[2024-10-06T05:13:56.350+0000] {processor.py:157} INFO - Started process (PID=2507) to work on /opt/airflow/dags/generate_customer_dim.py
[2024-10-06T05:13:56.351+0000] {processor.py:829} INFO - Processing file /opt/airflow/dags/generate_customer_dim.py for tasks to queue
[2024-10-06T05:13:56.352+0000] {logging_mixin.py:151} INFO - [2024-10-06T05:13:56.351+0000] {dagbag.py:539} INFO - Filling up the DagBag from /opt/airflow/dags/generate_customer_dim.py
[2024-10-06T05:13:56.497+0000] {processor.py:839} INFO - DAG(s) dict_keys(['customer_dim_generator']) retrieved from /opt/airflow/dags/generate_customer_dim.py
[2024-10-06T05:13:56.507+0000] {logging_mixin.py:151} INFO - [2024-10-06T05:13:56.507+0000] {dag.py:2915} INFO - Sync 1 DAGs
[2024-10-06T05:13:56.515+0000] {logging_mixin.py:151} INFO - [2024-10-06T05:13:56.515+0000] {dag.py:3696} INFO - Setting next_dagrun for customer_dim_generator to 2024-10-06T00:00:00+00:00, run_after=2024-10-07T00:00:00+00:00
[2024-10-06T05:13:56.524+0000] {processor.py:179} INFO - Processing /opt/airflow/dags/generate_customer_dim.py took 0.178 seconds
[2024-10-06T05:14:26.879+0000] {processor.py:157} INFO - Started process (PID=2532) to work on /opt/airflow/dags/generate_customer_dim.py
[2024-10-06T05:14:26.880+0000] {processor.py:829} INFO - Processing file /opt/airflow/dags/generate_customer_dim.py for tasks to queue
[2024-10-06T05:14:26.881+0000] {logging_mixin.py:151} INFO - [2024-10-06T05:14:26.880+0000] {dagbag.py:539} INFO - Filling up the DagBag from /opt/airflow/dags/generate_customer_dim.py
[2024-10-06T05:14:27.025+0000] {processor.py:839} INFO - DAG(s) dict_keys(['customer_dim_generator']) retrieved from /opt/airflow/dags/generate_customer_dim.py
[2024-10-06T05:14:27.038+0000] {logging_mixin.py:151} INFO - [2024-10-06T05:14:27.038+0000] {dag.py:2915} INFO - Sync 1 DAGs
[2024-10-06T05:14:27.056+0000] {logging_mixin.py:151} INFO - [2024-10-06T05:14:27.056+0000] {dag.py:3696} INFO - Setting next_dagrun for customer_dim_generator to 2024-10-06T00:00:00+00:00, run_after=2024-10-07T00:00:00+00:00
[2024-10-06T05:14:27.066+0000] {processor.py:179} INFO - Processing /opt/airflow/dags/generate_customer_dim.py took 0.192 seconds
[2024-10-06T05:14:57.380+0000] {processor.py:157} INFO - Started process (PID=2557) to work on /opt/airflow/dags/generate_customer_dim.py
[2024-10-06T05:14:57.381+0000] {processor.py:829} INFO - Processing file /opt/airflow/dags/generate_customer_dim.py for tasks to queue
[2024-10-06T05:14:57.382+0000] {logging_mixin.py:151} INFO - [2024-10-06T05:14:57.382+0000] {dagbag.py:539} INFO - Filling up the DagBag from /opt/airflow/dags/generate_customer_dim.py
[2024-10-06T05:14:57.528+0000] {processor.py:839} INFO - DAG(s) dict_keys(['customer_dim_generator']) retrieved from /opt/airflow/dags/generate_customer_dim.py
[2024-10-06T05:14:57.541+0000] {logging_mixin.py:151} INFO - [2024-10-06T05:14:57.540+0000] {dag.py:2915} INFO - Sync 1 DAGs
[2024-10-06T05:14:57.549+0000] {logging_mixin.py:151} INFO - [2024-10-06T05:14:57.549+0000] {dag.py:3696} INFO - Setting next_dagrun for customer_dim_generator to 2024-10-06T00:00:00+00:00, run_after=2024-10-07T00:00:00+00:00
[2024-10-06T05:14:57.557+0000] {processor.py:179} INFO - Processing /opt/airflow/dags/generate_customer_dim.py took 0.181 seconds
[2024-10-06T05:15:27.944+0000] {processor.py:157} INFO - Started process (PID=2582) to work on /opt/airflow/dags/generate_customer_dim.py
[2024-10-06T05:15:27.945+0000] {processor.py:829} INFO - Processing file /opt/airflow/dags/generate_customer_dim.py for tasks to queue
[2024-10-06T05:15:27.946+0000] {logging_mixin.py:151} INFO - [2024-10-06T05:15:27.946+0000] {dagbag.py:539} INFO - Filling up the DagBag from /opt/airflow/dags/generate_customer_dim.py
[2024-10-06T05:15:28.093+0000] {processor.py:839} INFO - DAG(s) dict_keys(['customer_dim_generator']) retrieved from /opt/airflow/dags/generate_customer_dim.py
[2024-10-06T05:15:28.107+0000] {logging_mixin.py:151} INFO - [2024-10-06T05:15:28.106+0000] {dag.py:2915} INFO - Sync 1 DAGs
[2024-10-06T05:15:28.116+0000] {logging_mixin.py:151} INFO - [2024-10-06T05:15:28.116+0000] {dag.py:3696} INFO - Setting next_dagrun for customer_dim_generator to 2024-10-06T00:00:00+00:00, run_after=2024-10-07T00:00:00+00:00
[2024-10-06T05:15:28.125+0000] {processor.py:179} INFO - Processing /opt/airflow/dags/generate_customer_dim.py took 0.184 seconds
[2024-10-06T05:15:58.469+0000] {processor.py:157} INFO - Started process (PID=2607) to work on /opt/airflow/dags/generate_customer_dim.py
[2024-10-06T05:15:58.470+0000] {processor.py:829} INFO - Processing file /opt/airflow/dags/generate_customer_dim.py for tasks to queue
[2024-10-06T05:15:58.471+0000] {logging_mixin.py:151} INFO - [2024-10-06T05:15:58.470+0000] {dagbag.py:539} INFO - Filling up the DagBag from /opt/airflow/dags/generate_customer_dim.py
[2024-10-06T05:15:58.611+0000] {processor.py:839} INFO - DAG(s) dict_keys(['customer_dim_generator']) retrieved from /opt/airflow/dags/generate_customer_dim.py
[2024-10-06T05:15:58.623+0000] {logging_mixin.py:151} INFO - [2024-10-06T05:15:58.622+0000] {dag.py:2915} INFO - Sync 1 DAGs
[2024-10-06T05:15:58.632+0000] {logging_mixin.py:151} INFO - [2024-10-06T05:15:58.632+0000] {dag.py:3696} INFO - Setting next_dagrun for customer_dim_generator to 2024-10-06T00:00:00+00:00, run_after=2024-10-07T00:00:00+00:00
[2024-10-06T05:15:58.641+0000] {processor.py:179} INFO - Processing /opt/airflow/dags/generate_customer_dim.py took 0.176 seconds
[2024-10-06T05:16:29.009+0000] {processor.py:157} INFO - Started process (PID=2632) to work on /opt/airflow/dags/generate_customer_dim.py
[2024-10-06T05:16:29.010+0000] {processor.py:829} INFO - Processing file /opt/airflow/dags/generate_customer_dim.py for tasks to queue
[2024-10-06T05:16:29.011+0000] {logging_mixin.py:151} INFO - [2024-10-06T05:16:29.010+0000] {dagbag.py:539} INFO - Filling up the DagBag from /opt/airflow/dags/generate_customer_dim.py
[2024-10-06T05:16:29.149+0000] {processor.py:839} INFO - DAG(s) dict_keys(['customer_dim_generator']) retrieved from /opt/airflow/dags/generate_customer_dim.py
[2024-10-06T05:16:29.162+0000] {logging_mixin.py:151} INFO - [2024-10-06T05:16:29.162+0000] {dag.py:2915} INFO - Sync 1 DAGs
[2024-10-06T05:16:29.171+0000] {logging_mixin.py:151} INFO - [2024-10-06T05:16:29.171+0000] {dag.py:3696} INFO - Setting next_dagrun for customer_dim_generator to 2024-10-06T00:00:00+00:00, run_after=2024-10-07T00:00:00+00:00
[2024-10-06T05:16:29.181+0000] {processor.py:179} INFO - Processing /opt/airflow/dags/generate_customer_dim.py took 0.175 seconds
[2024-10-06T05:16:59.455+0000] {processor.py:157} INFO - Started process (PID=2660) to work on /opt/airflow/dags/generate_customer_dim.py
[2024-10-06T05:16:59.457+0000] {processor.py:829} INFO - Processing file /opt/airflow/dags/generate_customer_dim.py for tasks to queue
[2024-10-06T05:16:59.458+0000] {logging_mixin.py:151} INFO - [2024-10-06T05:16:59.457+0000] {dagbag.py:539} INFO - Filling up the DagBag from /opt/airflow/dags/generate_customer_dim.py
[2024-10-06T05:16:59.593+0000] {processor.py:839} INFO - DAG(s) dict_keys(['customer_dim_generator']) retrieved from /opt/airflow/dags/generate_customer_dim.py
[2024-10-06T05:16:59.604+0000] {logging_mixin.py:151} INFO - [2024-10-06T05:16:59.603+0000] {dag.py:2915} INFO - Sync 1 DAGs
[2024-10-06T05:16:59.611+0000] {logging_mixin.py:151} INFO - [2024-10-06T05:16:59.611+0000] {dag.py:3696} INFO - Setting next_dagrun for customer_dim_generator to 2024-10-06T00:00:00+00:00, run_after=2024-10-07T00:00:00+00:00
[2024-10-06T05:16:59.619+0000] {processor.py:179} INFO - Processing /opt/airflow/dags/generate_customer_dim.py took 0.168 seconds
[2024-10-06T05:17:30.044+0000] {processor.py:157} INFO - Started process (PID=2685) to work on /opt/airflow/dags/generate_customer_dim.py
[2024-10-06T05:17:30.046+0000] {processor.py:829} INFO - Processing file /opt/airflow/dags/generate_customer_dim.py for tasks to queue
[2024-10-06T05:17:30.047+0000] {logging_mixin.py:151} INFO - [2024-10-06T05:17:30.046+0000] {dagbag.py:539} INFO - Filling up the DagBag from /opt/airflow/dags/generate_customer_dim.py
[2024-10-06T05:17:30.181+0000] {processor.py:839} INFO - DAG(s) dict_keys(['customer_dim_generator']) retrieved from /opt/airflow/dags/generate_customer_dim.py
[2024-10-06T05:17:30.191+0000] {logging_mixin.py:151} INFO - [2024-10-06T05:17:30.190+0000] {dag.py:2915} INFO - Sync 1 DAGs
[2024-10-06T05:17:30.198+0000] {logging_mixin.py:151} INFO - [2024-10-06T05:17:30.198+0000] {dag.py:3696} INFO - Setting next_dagrun for customer_dim_generator to 2024-10-06T00:00:00+00:00, run_after=2024-10-07T00:00:00+00:00
[2024-10-06T05:17:30.205+0000] {processor.py:179} INFO - Processing /opt/airflow/dags/generate_customer_dim.py took 0.166 seconds
[2024-10-06T05:17:46.379+0000] {processor.py:157} INFO - Started process (PID=2707) to work on /opt/airflow/dags/generate_customer_dim.py
[2024-10-06T05:17:46.380+0000] {processor.py:829} INFO - Processing file /opt/airflow/dags/generate_customer_dim.py for tasks to queue
[2024-10-06T05:17:46.381+0000] {logging_mixin.py:151} INFO - [2024-10-06T05:17:46.381+0000] {dagbag.py:539} INFO - Filling up the DagBag from /opt/airflow/dags/generate_customer_dim.py
[2024-10-06T05:17:46.577+0000] {processor.py:839} INFO - DAG(s) dict_keys(['customer_dim_generator']) retrieved from /opt/airflow/dags/generate_customer_dim.py
[2024-10-06T05:17:46.595+0000] {logging_mixin.py:151} INFO - [2024-10-06T05:17:46.593+0000] {dag.py:2915} INFO - Sync 1 DAGs
[2024-10-06T05:17:46.608+0000] {logging_mixin.py:151} INFO - [2024-10-06T05:17:46.608+0000] {dag.py:3696} INFO - Setting next_dagrun for customer_dim_generator to 2024-10-06T00:00:00+00:00, run_after=2024-10-07T00:00:00+00:00
[2024-10-06T05:17:46.619+0000] {processor.py:179} INFO - Processing /opt/airflow/dags/generate_customer_dim.py took 0.243 seconds
[2024-10-06T05:18:16.929+0000] {processor.py:157} INFO - Started process (PID=2732) to work on /opt/airflow/dags/generate_customer_dim.py
[2024-10-06T05:18:16.929+0000] {processor.py:829} INFO - Processing file /opt/airflow/dags/generate_customer_dim.py for tasks to queue
[2024-10-06T05:18:16.930+0000] {logging_mixin.py:151} INFO - [2024-10-06T05:18:16.930+0000] {dagbag.py:539} INFO - Filling up the DagBag from /opt/airflow/dags/generate_customer_dim.py
[2024-10-06T05:18:17.065+0000] {processor.py:839} INFO - DAG(s) dict_keys(['customer_dim_generator']) retrieved from /opt/airflow/dags/generate_customer_dim.py
[2024-10-06T05:18:17.077+0000] {logging_mixin.py:151} INFO - [2024-10-06T05:18:17.076+0000] {dag.py:2915} INFO - Sync 1 DAGs
[2024-10-06T05:18:17.086+0000] {logging_mixin.py:151} INFO - [2024-10-06T05:18:17.086+0000] {dag.py:3696} INFO - Setting next_dagrun for customer_dim_generator to 2024-10-06T00:00:00+00:00, run_after=2024-10-07T00:00:00+00:00
[2024-10-06T05:18:17.093+0000] {processor.py:179} INFO - Processing /opt/airflow/dags/generate_customer_dim.py took 0.168 seconds
[2024-10-06T05:18:47.372+0000] {processor.py:157} INFO - Started process (PID=2757) to work on /opt/airflow/dags/generate_customer_dim.py
[2024-10-06T05:18:47.373+0000] {processor.py:829} INFO - Processing file /opt/airflow/dags/generate_customer_dim.py for tasks to queue
[2024-10-06T05:18:47.373+0000] {logging_mixin.py:151} INFO - [2024-10-06T05:18:47.373+0000] {dagbag.py:539} INFO - Filling up the DagBag from /opt/airflow/dags/generate_customer_dim.py
[2024-10-06T05:18:47.512+0000] {processor.py:839} INFO - DAG(s) dict_keys(['customer_dim_generator']) retrieved from /opt/airflow/dags/generate_customer_dim.py
[2024-10-06T05:18:47.524+0000] {logging_mixin.py:151} INFO - [2024-10-06T05:18:47.524+0000] {dag.py:2915} INFO - Sync 1 DAGs
[2024-10-06T05:18:47.533+0000] {logging_mixin.py:151} INFO - [2024-10-06T05:18:47.533+0000] {dag.py:3696} INFO - Setting next_dagrun for customer_dim_generator to 2024-10-06T00:00:00+00:00, run_after=2024-10-07T00:00:00+00:00
[2024-10-06T05:18:47.544+0000] {processor.py:179} INFO - Processing /opt/airflow/dags/generate_customer_dim.py took 0.175 seconds
[2024-10-06T05:19:17.816+0000] {processor.py:157} INFO - Started process (PID=2782) to work on /opt/airflow/dags/generate_customer_dim.py
[2024-10-06T05:19:17.816+0000] {processor.py:829} INFO - Processing file /opt/airflow/dags/generate_customer_dim.py for tasks to queue
[2024-10-06T05:19:17.817+0000] {logging_mixin.py:151} INFO - [2024-10-06T05:19:17.817+0000] {dagbag.py:539} INFO - Filling up the DagBag from /opt/airflow/dags/generate_customer_dim.py
[2024-10-06T05:19:17.952+0000] {processor.py:839} INFO - DAG(s) dict_keys(['customer_dim_generator']) retrieved from /opt/airflow/dags/generate_customer_dim.py
[2024-10-06T05:19:17.963+0000] {logging_mixin.py:151} INFO - [2024-10-06T05:19:17.962+0000] {dag.py:2915} INFO - Sync 1 DAGs
[2024-10-06T05:19:17.972+0000] {logging_mixin.py:151} INFO - [2024-10-06T05:19:17.972+0000] {dag.py:3696} INFO - Setting next_dagrun for customer_dim_generator to 2024-10-06T00:00:00+00:00, run_after=2024-10-07T00:00:00+00:00
[2024-10-06T05:19:17.984+0000] {processor.py:179} INFO - Processing /opt/airflow/dags/generate_customer_dim.py took 0.172 seconds
[2024-10-06T05:19:48.273+0000] {processor.py:157} INFO - Started process (PID=2808) to work on /opt/airflow/dags/generate_customer_dim.py
[2024-10-06T05:19:48.274+0000] {processor.py:829} INFO - Processing file /opt/airflow/dags/generate_customer_dim.py for tasks to queue
[2024-10-06T05:19:48.274+0000] {logging_mixin.py:151} INFO - [2024-10-06T05:19:48.274+0000] {dagbag.py:539} INFO - Filling up the DagBag from /opt/airflow/dags/generate_customer_dim.py
[2024-10-06T05:19:48.404+0000] {processor.py:839} INFO - DAG(s) dict_keys(['customer_dim_generator']) retrieved from /opt/airflow/dags/generate_customer_dim.py
[2024-10-06T05:19:48.414+0000] {logging_mixin.py:151} INFO - [2024-10-06T05:19:48.413+0000] {dag.py:2915} INFO - Sync 1 DAGs
[2024-10-06T05:19:48.422+0000] {logging_mixin.py:151} INFO - [2024-10-06T05:19:48.422+0000] {dag.py:3696} INFO - Setting next_dagrun for customer_dim_generator to 2024-10-06T00:00:00+00:00, run_after=2024-10-07T00:00:00+00:00
[2024-10-06T05:19:48.431+0000] {processor.py:179} INFO - Processing /opt/airflow/dags/generate_customer_dim.py took 0.161 seconds
[2024-10-06T05:20:18.723+0000] {processor.py:157} INFO - Started process (PID=2833) to work on /opt/airflow/dags/generate_customer_dim.py
[2024-10-06T05:20:18.724+0000] {processor.py:829} INFO - Processing file /opt/airflow/dags/generate_customer_dim.py for tasks to queue
[2024-10-06T05:20:18.725+0000] {logging_mixin.py:151} INFO - [2024-10-06T05:20:18.724+0000] {dagbag.py:539} INFO - Filling up the DagBag from /opt/airflow/dags/generate_customer_dim.py
[2024-10-06T05:20:18.874+0000] {processor.py:839} INFO - DAG(s) dict_keys(['customer_dim_generator']) retrieved from /opt/airflow/dags/generate_customer_dim.py
[2024-10-06T05:20:18.886+0000] {logging_mixin.py:151} INFO - [2024-10-06T05:20:18.886+0000] {dag.py:2915} INFO - Sync 1 DAGs
[2024-10-06T05:20:18.895+0000] {logging_mixin.py:151} INFO - [2024-10-06T05:20:18.895+0000] {dag.py:3696} INFO - Setting next_dagrun for customer_dim_generator to 2024-10-06T00:00:00+00:00, run_after=2024-10-07T00:00:00+00:00
[2024-10-06T05:20:18.903+0000] {processor.py:179} INFO - Processing /opt/airflow/dags/generate_customer_dim.py took 0.184 seconds
[2024-10-06T05:20:49.207+0000] {processor.py:157} INFO - Started process (PID=2858) to work on /opt/airflow/dags/generate_customer_dim.py
[2024-10-06T05:20:49.208+0000] {processor.py:829} INFO - Processing file /opt/airflow/dags/generate_customer_dim.py for tasks to queue
[2024-10-06T05:20:49.209+0000] {logging_mixin.py:151} INFO - [2024-10-06T05:20:49.209+0000] {dagbag.py:539} INFO - Filling up the DagBag from /opt/airflow/dags/generate_customer_dim.py
[2024-10-06T05:20:49.351+0000] {processor.py:839} INFO - DAG(s) dict_keys(['customer_dim_generator']) retrieved from /opt/airflow/dags/generate_customer_dim.py
[2024-10-06T05:20:49.364+0000] {logging_mixin.py:151} INFO - [2024-10-06T05:20:49.363+0000] {dag.py:2915} INFO - Sync 1 DAGs
[2024-10-06T05:20:49.374+0000] {logging_mixin.py:151} INFO - [2024-10-06T05:20:49.373+0000] {dag.py:3696} INFO - Setting next_dagrun for customer_dim_generator to 2024-10-06T00:00:00+00:00, run_after=2024-10-07T00:00:00+00:00
[2024-10-06T05:20:49.384+0000] {processor.py:179} INFO - Processing /opt/airflow/dags/generate_customer_dim.py took 0.180 seconds
[2024-10-06T05:21:19.665+0000] {processor.py:157} INFO - Started process (PID=2883) to work on /opt/airflow/dags/generate_customer_dim.py
[2024-10-06T05:21:19.665+0000] {processor.py:829} INFO - Processing file /opt/airflow/dags/generate_customer_dim.py for tasks to queue
[2024-10-06T05:21:19.666+0000] {logging_mixin.py:151} INFO - [2024-10-06T05:21:19.666+0000] {dagbag.py:539} INFO - Filling up the DagBag from /opt/airflow/dags/generate_customer_dim.py
[2024-10-06T05:21:19.803+0000] {processor.py:839} INFO - DAG(s) dict_keys(['customer_dim_generator']) retrieved from /opt/airflow/dags/generate_customer_dim.py
[2024-10-06T05:21:19.814+0000] {logging_mixin.py:151} INFO - [2024-10-06T05:21:19.814+0000] {dag.py:2915} INFO - Sync 1 DAGs
[2024-10-06T05:21:19.823+0000] {logging_mixin.py:151} INFO - [2024-10-06T05:21:19.823+0000] {dag.py:3696} INFO - Setting next_dagrun for customer_dim_generator to 2024-10-06T00:00:00+00:00, run_after=2024-10-07T00:00:00+00:00
[2024-10-06T05:21:19.839+0000] {processor.py:179} INFO - Processing /opt/airflow/dags/generate_customer_dim.py took 0.178 seconds
[2024-10-06T05:21:50.137+0000] {processor.py:157} INFO - Started process (PID=2908) to work on /opt/airflow/dags/generate_customer_dim.py
[2024-10-06T05:21:50.138+0000] {processor.py:829} INFO - Processing file /opt/airflow/dags/generate_customer_dim.py for tasks to queue
[2024-10-06T05:21:50.139+0000] {logging_mixin.py:151} INFO - [2024-10-06T05:21:50.138+0000] {dagbag.py:539} INFO - Filling up the DagBag from /opt/airflow/dags/generate_customer_dim.py
[2024-10-06T05:21:50.264+0000] {processor.py:839} INFO - DAG(s) dict_keys(['customer_dim_generator']) retrieved from /opt/airflow/dags/generate_customer_dim.py
[2024-10-06T05:21:50.276+0000] {logging_mixin.py:151} INFO - [2024-10-06T05:21:50.276+0000] {dag.py:2915} INFO - Sync 1 DAGs
[2024-10-06T05:21:50.285+0000] {logging_mixin.py:151} INFO - [2024-10-06T05:21:50.285+0000] {dag.py:3696} INFO - Setting next_dagrun for customer_dim_generator to 2024-10-06T00:00:00+00:00, run_after=2024-10-07T00:00:00+00:00
[2024-10-06T05:21:50.303+0000] {processor.py:179} INFO - Processing /opt/airflow/dags/generate_customer_dim.py took 0.169 seconds
[2024-10-06T05:22:20.620+0000] {processor.py:157} INFO - Started process (PID=2933) to work on /opt/airflow/dags/generate_customer_dim.py
[2024-10-06T05:22:20.620+0000] {processor.py:829} INFO - Processing file /opt/airflow/dags/generate_customer_dim.py for tasks to queue
[2024-10-06T05:22:20.621+0000] {logging_mixin.py:151} INFO - [2024-10-06T05:22:20.621+0000] {dagbag.py:539} INFO - Filling up the DagBag from /opt/airflow/dags/generate_customer_dim.py
[2024-10-06T05:22:20.751+0000] {processor.py:839} INFO - DAG(s) dict_keys(['customer_dim_generator']) retrieved from /opt/airflow/dags/generate_customer_dim.py
[2024-10-06T05:22:20.763+0000] {logging_mixin.py:151} INFO - [2024-10-06T05:22:20.762+0000] {dag.py:2915} INFO - Sync 1 DAGs
[2024-10-06T05:22:20.774+0000] {logging_mixin.py:151} INFO - [2024-10-06T05:22:20.774+0000] {dag.py:3696} INFO - Setting next_dagrun for customer_dim_generator to 2024-10-06T00:00:00+00:00, run_after=2024-10-07T00:00:00+00:00
[2024-10-06T05:22:20.787+0000] {processor.py:179} INFO - Processing /opt/airflow/dags/generate_customer_dim.py took 0.171 seconds
[2024-10-06T05:22:51.096+0000] {processor.py:157} INFO - Started process (PID=2958) to work on /opt/airflow/dags/generate_customer_dim.py
[2024-10-06T05:22:51.096+0000] {processor.py:829} INFO - Processing file /opt/airflow/dags/generate_customer_dim.py for tasks to queue
[2024-10-06T05:22:51.097+0000] {logging_mixin.py:151} INFO - [2024-10-06T05:22:51.097+0000] {dagbag.py:539} INFO - Filling up the DagBag from /opt/airflow/dags/generate_customer_dim.py
[2024-10-06T05:22:51.223+0000] {processor.py:839} INFO - DAG(s) dict_keys(['customer_dim_generator']) retrieved from /opt/airflow/dags/generate_customer_dim.py
[2024-10-06T05:22:51.232+0000] {logging_mixin.py:151} INFO - [2024-10-06T05:22:51.232+0000] {dag.py:2915} INFO - Sync 1 DAGs
[2024-10-06T05:22:51.240+0000] {logging_mixin.py:151} INFO - [2024-10-06T05:22:51.240+0000] {dag.py:3696} INFO - Setting next_dagrun for customer_dim_generator to 2024-10-06T00:00:00+00:00, run_after=2024-10-07T00:00:00+00:00
[2024-10-06T05:22:51.254+0000] {processor.py:179} INFO - Processing /opt/airflow/dags/generate_customer_dim.py took 0.161 seconds
[2024-10-06T05:23:21.549+0000] {processor.py:157} INFO - Started process (PID=2983) to work on /opt/airflow/dags/generate_customer_dim.py
[2024-10-06T05:23:21.550+0000] {processor.py:829} INFO - Processing file /opt/airflow/dags/generate_customer_dim.py for tasks to queue
[2024-10-06T05:23:21.550+0000] {logging_mixin.py:151} INFO - [2024-10-06T05:23:21.550+0000] {dagbag.py:539} INFO - Filling up the DagBag from /opt/airflow/dags/generate_customer_dim.py
[2024-10-06T05:23:21.677+0000] {processor.py:839} INFO - DAG(s) dict_keys(['customer_dim_generator']) retrieved from /opt/airflow/dags/generate_customer_dim.py
[2024-10-06T05:23:21.686+0000] {logging_mixin.py:151} INFO - [2024-10-06T05:23:21.686+0000] {dag.py:2915} INFO - Sync 1 DAGs
[2024-10-06T05:23:21.695+0000] {logging_mixin.py:151} INFO - [2024-10-06T05:23:21.695+0000] {dag.py:3696} INFO - Setting next_dagrun for customer_dim_generator to 2024-10-06T00:00:00+00:00, run_after=2024-10-07T00:00:00+00:00
[2024-10-06T05:23:21.704+0000] {processor.py:179} INFO - Processing /opt/airflow/dags/generate_customer_dim.py took 0.158 seconds
[2024-10-06T05:23:51.983+0000] {processor.py:157} INFO - Started process (PID=3008) to work on /opt/airflow/dags/generate_customer_dim.py
[2024-10-06T05:23:51.984+0000] {processor.py:829} INFO - Processing file /opt/airflow/dags/generate_customer_dim.py for tasks to queue
[2024-10-06T05:23:51.984+0000] {logging_mixin.py:151} INFO - [2024-10-06T05:23:51.984+0000] {dagbag.py:539} INFO - Filling up the DagBag from /opt/airflow/dags/generate_customer_dim.py
[2024-10-06T05:23:52.108+0000] {processor.py:839} INFO - DAG(s) dict_keys(['customer_dim_generator']) retrieved from /opt/airflow/dags/generate_customer_dim.py
[2024-10-06T05:23:52.118+0000] {logging_mixin.py:151} INFO - [2024-10-06T05:23:52.117+0000] {dag.py:2915} INFO - Sync 1 DAGs
[2024-10-06T05:23:52.125+0000] {logging_mixin.py:151} INFO - [2024-10-06T05:23:52.125+0000] {dag.py:3696} INFO - Setting next_dagrun for customer_dim_generator to 2024-10-06T00:00:00+00:00, run_after=2024-10-07T00:00:00+00:00
[2024-10-06T05:23:52.134+0000] {processor.py:179} INFO - Processing /opt/airflow/dags/generate_customer_dim.py took 0.153 seconds
