[2024-10-06T04:59:56.682+0000] {processor.py:157} INFO - Started process (PID=1921) to work on /opt/airflow/dags/generate_branch_dim.py
[2024-10-06T04:59:56.682+0000] {processor.py:829} INFO - Processing file /opt/airflow/dags/generate_branch_dim.py for tasks to queue
[2024-10-06T04:59:56.683+0000] {logging_mixin.py:151} INFO - [2024-10-06T04:59:56.683+0000] {dagbag.py:539} INFO - Filling up the DagBag from /opt/airflow/dags/generate_branch_dim.py
[2024-10-06T04:59:57.164+0000] {processor.py:841} WARNING - No viable dags retrieved from /opt/airflow/dags/generate_branch_dim.py
[2024-10-06T04:59:57.169+0000] {processor.py:179} INFO - Processing /opt/airflow/dags/generate_branch_dim.py took 0.489 seconds
[2024-10-06T05:00:27.450+0000] {processor.py:157} INFO - Started process (PID=1934) to work on /opt/airflow/dags/generate_branch_dim.py
[2024-10-06T05:00:27.451+0000] {processor.py:829} INFO - Processing file /opt/airflow/dags/generate_branch_dim.py for tasks to queue
[2024-10-06T05:00:27.451+0000] {logging_mixin.py:151} INFO - [2024-10-06T05:00:27.451+0000] {dagbag.py:539} INFO - Filling up the DagBag from /opt/airflow/dags/generate_branch_dim.py
[2024-10-06T05:00:27.576+0000] {processor.py:841} WARNING - No viable dags retrieved from /opt/airflow/dags/generate_branch_dim.py
[2024-10-06T05:00:27.582+0000] {processor.py:179} INFO - Processing /opt/airflow/dags/generate_branch_dim.py took 0.136 seconds
[2024-10-06T05:00:57.712+0000] {processor.py:157} INFO - Started process (PID=1947) to work on /opt/airflow/dags/generate_branch_dim.py
[2024-10-06T05:00:57.713+0000] {processor.py:829} INFO - Processing file /opt/airflow/dags/generate_branch_dim.py for tasks to queue
[2024-10-06T05:00:57.714+0000] {logging_mixin.py:151} INFO - [2024-10-06T05:00:57.714+0000] {dagbag.py:539} INFO - Filling up the DagBag from /opt/airflow/dags/generate_branch_dim.py
[2024-10-06T05:00:57.835+0000] {processor.py:841} WARNING - No viable dags retrieved from /opt/airflow/dags/generate_branch_dim.py
[2024-10-06T05:00:57.840+0000] {processor.py:179} INFO - Processing /opt/airflow/dags/generate_branch_dim.py took 0.130 seconds
[2024-10-06T05:01:28.038+0000] {processor.py:157} INFO - Started process (PID=1963) to work on /opt/airflow/dags/generate_branch_dim.py
[2024-10-06T05:01:28.038+0000] {processor.py:829} INFO - Processing file /opt/airflow/dags/generate_branch_dim.py for tasks to queue
[2024-10-06T05:01:28.039+0000] {logging_mixin.py:151} INFO - [2024-10-06T05:01:28.038+0000] {dagbag.py:539} INFO - Filling up the DagBag from /opt/airflow/dags/generate_branch_dim.py
[2024-10-06T05:01:28.158+0000] {processor.py:841} WARNING - No viable dags retrieved from /opt/airflow/dags/generate_branch_dim.py
[2024-10-06T05:01:28.163+0000] {processor.py:179} INFO - Processing /opt/airflow/dags/generate_branch_dim.py took 0.128 seconds
[2024-10-06T05:01:58.361+0000] {processor.py:157} INFO - Started process (PID=1988) to work on /opt/airflow/dags/generate_branch_dim.py
[2024-10-06T05:01:58.361+0000] {processor.py:829} INFO - Processing file /opt/airflow/dags/generate_branch_dim.py for tasks to queue
[2024-10-06T05:01:58.362+0000] {logging_mixin.py:151} INFO - [2024-10-06T05:01:58.362+0000] {dagbag.py:539} INFO - Filling up the DagBag from /opt/airflow/dags/generate_branch_dim.py
[2024-10-06T05:01:58.484+0000] {processor.py:841} WARNING - No viable dags retrieved from /opt/airflow/dags/generate_branch_dim.py
[2024-10-06T05:01:58.488+0000] {processor.py:179} INFO - Processing /opt/airflow/dags/generate_branch_dim.py took 0.130 seconds
[2024-10-06T05:02:28.665+0000] {processor.py:157} INFO - Started process (PID=2022) to work on /opt/airflow/dags/generate_branch_dim.py
[2024-10-06T05:02:28.666+0000] {processor.py:829} INFO - Processing file /opt/airflow/dags/generate_branch_dim.py for tasks to queue
[2024-10-06T05:02:28.667+0000] {logging_mixin.py:151} INFO - [2024-10-06T05:02:28.666+0000] {dagbag.py:539} INFO - Filling up the DagBag from /opt/airflow/dags/generate_branch_dim.py
[2024-10-06T05:02:28.787+0000] {processor.py:841} WARNING - No viable dags retrieved from /opt/airflow/dags/generate_branch_dim.py
[2024-10-06T05:02:28.792+0000] {processor.py:179} INFO - Processing /opt/airflow/dags/generate_branch_dim.py took 0.129 seconds
[2024-10-06T05:02:59.218+0000] {processor.py:157} INFO - Started process (PID=2053) to work on /opt/airflow/dags/generate_branch_dim.py
[2024-10-06T05:02:59.219+0000] {processor.py:829} INFO - Processing file /opt/airflow/dags/generate_branch_dim.py for tasks to queue
[2024-10-06T05:02:59.220+0000] {logging_mixin.py:151} INFO - [2024-10-06T05:02:59.220+0000] {dagbag.py:539} INFO - Filling up the DagBag from /opt/airflow/dags/generate_branch_dim.py
[2024-10-06T05:02:59.342+0000] {processor.py:841} WARNING - No viable dags retrieved from /opt/airflow/dags/generate_branch_dim.py
[2024-10-06T05:02:59.347+0000] {processor.py:179} INFO - Processing /opt/airflow/dags/generate_branch_dim.py took 0.131 seconds
[2024-10-06T05:03:29.569+0000] {processor.py:157} INFO - Started process (PID=2072) to work on /opt/airflow/dags/generate_branch_dim.py
[2024-10-06T05:03:29.569+0000] {processor.py:829} INFO - Processing file /opt/airflow/dags/generate_branch_dim.py for tasks to queue
[2024-10-06T05:03:29.570+0000] {logging_mixin.py:151} INFO - [2024-10-06T05:03:29.570+0000] {dagbag.py:539} INFO - Filling up the DagBag from /opt/airflow/dags/generate_branch_dim.py
[2024-10-06T05:03:29.688+0000] {processor.py:841} WARNING - No viable dags retrieved from /opt/airflow/dags/generate_branch_dim.py
[2024-10-06T05:03:29.693+0000] {processor.py:179} INFO - Processing /opt/airflow/dags/generate_branch_dim.py took 0.126 seconds
[2024-10-06T05:03:59.942+0000] {processor.py:157} INFO - Started process (PID=2091) to work on /opt/airflow/dags/generate_branch_dim.py
[2024-10-06T05:03:59.943+0000] {processor.py:829} INFO - Processing file /opt/airflow/dags/generate_branch_dim.py for tasks to queue
[2024-10-06T05:03:59.944+0000] {logging_mixin.py:151} INFO - [2024-10-06T05:03:59.943+0000] {dagbag.py:539} INFO - Filling up the DagBag from /opt/airflow/dags/generate_branch_dim.py
[2024-10-06T05:04:00.064+0000] {processor.py:841} WARNING - No viable dags retrieved from /opt/airflow/dags/generate_branch_dim.py
[2024-10-06T05:04:00.068+0000] {processor.py:179} INFO - Processing /opt/airflow/dags/generate_branch_dim.py took 0.129 seconds
[2024-10-06T05:04:30.380+0000] {processor.py:157} INFO - Started process (PID=2116) to work on /opt/airflow/dags/generate_branch_dim.py
[2024-10-06T05:04:30.380+0000] {processor.py:829} INFO - Processing file /opt/airflow/dags/generate_branch_dim.py for tasks to queue
[2024-10-06T05:04:30.381+0000] {logging_mixin.py:151} INFO - [2024-10-06T05:04:30.381+0000] {dagbag.py:539} INFO - Filling up the DagBag from /opt/airflow/dags/generate_branch_dim.py
[2024-10-06T05:04:30.509+0000] {processor.py:841} WARNING - No viable dags retrieved from /opt/airflow/dags/generate_branch_dim.py
[2024-10-06T05:04:30.515+0000] {processor.py:179} INFO - Processing /opt/airflow/dags/generate_branch_dim.py took 0.138 seconds
[2024-10-06T05:05:00.809+0000] {processor.py:157} INFO - Started process (PID=2135) to work on /opt/airflow/dags/generate_branch_dim.py
[2024-10-06T05:05:00.810+0000] {processor.py:829} INFO - Processing file /opt/airflow/dags/generate_branch_dim.py for tasks to queue
[2024-10-06T05:05:00.810+0000] {logging_mixin.py:151} INFO - [2024-10-06T05:05:00.810+0000] {dagbag.py:539} INFO - Filling up the DagBag from /opt/airflow/dags/generate_branch_dim.py
[2024-10-06T05:05:00.928+0000] {processor.py:841} WARNING - No viable dags retrieved from /opt/airflow/dags/generate_branch_dim.py
[2024-10-06T05:05:00.935+0000] {processor.py:179} INFO - Processing /opt/airflow/dags/generate_branch_dim.py took 0.129 seconds
[2024-10-06T05:05:31.213+0000] {processor.py:157} INFO - Started process (PID=2154) to work on /opt/airflow/dags/generate_branch_dim.py
[2024-10-06T05:05:31.213+0000] {processor.py:829} INFO - Processing file /opt/airflow/dags/generate_branch_dim.py for tasks to queue
[2024-10-06T05:05:31.213+0000] {logging_mixin.py:151} INFO - [2024-10-06T05:05:31.213+0000] {dagbag.py:539} INFO - Filling up the DagBag from /opt/airflow/dags/generate_branch_dim.py
[2024-10-06T05:05:31.323+0000] {processor.py:841} WARNING - No viable dags retrieved from /opt/airflow/dags/generate_branch_dim.py
[2024-10-06T05:05:31.328+0000] {processor.py:179} INFO - Processing /opt/airflow/dags/generate_branch_dim.py took 0.117 seconds
[2024-10-06T05:06:01.622+0000] {processor.py:157} INFO - Started process (PID=2180) to work on /opt/airflow/dags/generate_branch_dim.py
[2024-10-06T05:06:01.623+0000] {processor.py:829} INFO - Processing file /opt/airflow/dags/generate_branch_dim.py for tasks to queue
[2024-10-06T05:06:01.623+0000] {logging_mixin.py:151} INFO - [2024-10-06T05:06:01.623+0000] {dagbag.py:539} INFO - Filling up the DagBag from /opt/airflow/dags/generate_branch_dim.py
[2024-10-06T05:06:01.744+0000] {processor.py:841} WARNING - No viable dags retrieved from /opt/airflow/dags/generate_branch_dim.py
[2024-10-06T05:06:01.748+0000] {processor.py:179} INFO - Processing /opt/airflow/dags/generate_branch_dim.py took 0.128 seconds
[2024-10-06T05:06:32.034+0000] {processor.py:157} INFO - Started process (PID=2199) to work on /opt/airflow/dags/generate_branch_dim.py
[2024-10-06T05:06:32.035+0000] {processor.py:829} INFO - Processing file /opt/airflow/dags/generate_branch_dim.py for tasks to queue
[2024-10-06T05:06:32.035+0000] {logging_mixin.py:151} INFO - [2024-10-06T05:06:32.035+0000] {dagbag.py:539} INFO - Filling up the DagBag from /opt/airflow/dags/generate_branch_dim.py
[2024-10-06T05:06:32.195+0000] {processor.py:841} WARNING - No viable dags retrieved from /opt/airflow/dags/generate_branch_dim.py
[2024-10-06T05:06:32.200+0000] {processor.py:179} INFO - Processing /opt/airflow/dags/generate_branch_dim.py took 0.168 seconds
[2024-10-06T05:06:35.210+0000] {processor.py:157} INFO - Started process (PID=2208) to work on /opt/airflow/dags/generate_branch_dim.py
[2024-10-06T05:06:35.211+0000] {processor.py:829} INFO - Processing file /opt/airflow/dags/generate_branch_dim.py for tasks to queue
[2024-10-06T05:06:35.211+0000] {logging_mixin.py:151} INFO - [2024-10-06T05:06:35.211+0000] {dagbag.py:539} INFO - Filling up the DagBag from /opt/airflow/dags/generate_branch_dim.py
[2024-10-06T05:06:35.214+0000] {logging_mixin.py:151} INFO - [2024-10-06T05:06:35.213+0000] {dagbag.py:347} ERROR - Failed to import: /opt/airflow/dags/generate_branch_dim.py
Traceback (most recent call last):
  File "/home/airflow/.local/lib/python3.8/site-packages/airflow/models/dagbag.py", line 343, in parse
    loader.exec_module(new_module)
  File "<frozen importlib._bootstrap_external>", line 839, in exec_module
  File "<frozen importlib._bootstrap_external>", line 976, in get_code
  File "<frozen importlib._bootstrap_external>", line 906, in source_to_code
  File "<frozen importlib._bootstrap>", line 219, in _call_with_frames_removed
  File "/opt/airflow/dags/generate_branch_dim.py", line 86
    start_date=start_date)
                         ^
SyntaxError: invalid syntax
[2024-10-06T05:06:35.214+0000] {processor.py:841} WARNING - No viable dags retrieved from /opt/airflow/dags/generate_branch_dim.py
[2024-10-06T05:06:35.231+0000] {processor.py:179} INFO - Processing /opt/airflow/dags/generate_branch_dim.py took 0.024 seconds
[2024-10-06T05:07:05.504+0000] {processor.py:157} INFO - Started process (PID=2226) to work on /opt/airflow/dags/generate_branch_dim.py
[2024-10-06T05:07:05.505+0000] {processor.py:829} INFO - Processing file /opt/airflow/dags/generate_branch_dim.py for tasks to queue
[2024-10-06T05:07:05.505+0000] {logging_mixin.py:151} INFO - [2024-10-06T05:07:05.505+0000] {dagbag.py:539} INFO - Filling up the DagBag from /opt/airflow/dags/generate_branch_dim.py
[2024-10-06T05:07:05.507+0000] {logging_mixin.py:151} INFO - [2024-10-06T05:07:05.506+0000] {dagbag.py:347} ERROR - Failed to import: /opt/airflow/dags/generate_branch_dim.py
Traceback (most recent call last):
  File "/home/airflow/.local/lib/python3.8/site-packages/airflow/models/dagbag.py", line 343, in parse
    loader.exec_module(new_module)
  File "<frozen importlib._bootstrap_external>", line 839, in exec_module
  File "<frozen importlib._bootstrap_external>", line 976, in get_code
  File "<frozen importlib._bootstrap_external>", line 906, in source_to_code
  File "<frozen importlib._bootstrap>", line 219, in _call_with_frames_removed
  File "/opt/airflow/dags/generate_branch_dim.py", line 86
    start_date=start_date)
                         ^
SyntaxError: invalid syntax
[2024-10-06T05:07:05.507+0000] {processor.py:841} WARNING - No viable dags retrieved from /opt/airflow/dags/generate_branch_dim.py
[2024-10-06T05:07:05.517+0000] {processor.py:179} INFO - Processing /opt/airflow/dags/generate_branch_dim.py took 0.015 seconds
[2024-10-06T05:07:35.801+0000] {processor.py:157} INFO - Started process (PID=2244) to work on /opt/airflow/dags/generate_branch_dim.py
[2024-10-06T05:07:35.802+0000] {processor.py:829} INFO - Processing file /opt/airflow/dags/generate_branch_dim.py for tasks to queue
[2024-10-06T05:07:35.803+0000] {logging_mixin.py:151} INFO - [2024-10-06T05:07:35.803+0000] {dagbag.py:539} INFO - Filling up the DagBag from /opt/airflow/dags/generate_branch_dim.py
[2024-10-06T05:07:35.806+0000] {logging_mixin.py:151} INFO - [2024-10-06T05:07:35.805+0000] {dagbag.py:347} ERROR - Failed to import: /opt/airflow/dags/generate_branch_dim.py
Traceback (most recent call last):
  File "/home/airflow/.local/lib/python3.8/site-packages/airflow/models/dagbag.py", line 343, in parse
    loader.exec_module(new_module)
  File "<frozen importlib._bootstrap_external>", line 839, in exec_module
  File "<frozen importlib._bootstrap_external>", line 976, in get_code
  File "<frozen importlib._bootstrap_external>", line 906, in source_to_code
  File "<frozen importlib._bootstrap>", line 219, in _call_with_frames_removed
  File "/opt/airflow/dags/generate_branch_dim.py", line 86
    start_date=start_date)
                         ^
SyntaxError: invalid syntax
[2024-10-06T05:07:35.806+0000] {processor.py:841} WARNING - No viable dags retrieved from /opt/airflow/dags/generate_branch_dim.py
[2024-10-06T05:07:35.821+0000] {processor.py:179} INFO - Processing /opt/airflow/dags/generate_branch_dim.py took 0.022 seconds
[2024-10-06T05:08:06.109+0000] {processor.py:157} INFO - Started process (PID=2262) to work on /opt/airflow/dags/generate_branch_dim.py
[2024-10-06T05:08:06.109+0000] {processor.py:829} INFO - Processing file /opt/airflow/dags/generate_branch_dim.py for tasks to queue
[2024-10-06T05:08:06.110+0000] {logging_mixin.py:151} INFO - [2024-10-06T05:08:06.110+0000] {dagbag.py:539} INFO - Filling up the DagBag from /opt/airflow/dags/generate_branch_dim.py
[2024-10-06T05:08:06.112+0000] {logging_mixin.py:151} INFO - [2024-10-06T05:08:06.112+0000] {dagbag.py:347} ERROR - Failed to import: /opt/airflow/dags/generate_branch_dim.py
Traceback (most recent call last):
  File "/home/airflow/.local/lib/python3.8/site-packages/airflow/models/dagbag.py", line 343, in parse
    loader.exec_module(new_module)
  File "<frozen importlib._bootstrap_external>", line 839, in exec_module
  File "<frozen importlib._bootstrap_external>", line 976, in get_code
  File "<frozen importlib._bootstrap_external>", line 906, in source_to_code
  File "<frozen importlib._bootstrap>", line 219, in _call_with_frames_removed
  File "/opt/airflow/dags/generate_branch_dim.py", line 86
    start_date=start_date)
                         ^
SyntaxError: invalid syntax
[2024-10-06T05:08:06.112+0000] {processor.py:841} WARNING - No viable dags retrieved from /opt/airflow/dags/generate_branch_dim.py
[2024-10-06T05:08:06.125+0000] {processor.py:179} INFO - Processing /opt/airflow/dags/generate_branch_dim.py took 0.019 seconds
[2024-10-06T05:08:36.408+0000] {processor.py:157} INFO - Started process (PID=2280) to work on /opt/airflow/dags/generate_branch_dim.py
[2024-10-06T05:08:36.408+0000] {processor.py:829} INFO - Processing file /opt/airflow/dags/generate_branch_dim.py for tasks to queue
[2024-10-06T05:08:36.409+0000] {logging_mixin.py:151} INFO - [2024-10-06T05:08:36.409+0000] {dagbag.py:539} INFO - Filling up the DagBag from /opt/airflow/dags/generate_branch_dim.py
[2024-10-06T05:08:36.411+0000] {logging_mixin.py:151} INFO - [2024-10-06T05:08:36.410+0000] {dagbag.py:347} ERROR - Failed to import: /opt/airflow/dags/generate_branch_dim.py
Traceback (most recent call last):
  File "/home/airflow/.local/lib/python3.8/site-packages/airflow/models/dagbag.py", line 343, in parse
    loader.exec_module(new_module)
  File "<frozen importlib._bootstrap_external>", line 839, in exec_module
  File "<frozen importlib._bootstrap_external>", line 976, in get_code
  File "<frozen importlib._bootstrap_external>", line 906, in source_to_code
  File "<frozen importlib._bootstrap>", line 219, in _call_with_frames_removed
  File "/opt/airflow/dags/generate_branch_dim.py", line 86
    start_date=start_date)
                         ^
SyntaxError: invalid syntax
[2024-10-06T05:08:36.411+0000] {processor.py:841} WARNING - No viable dags retrieved from /opt/airflow/dags/generate_branch_dim.py
[2024-10-06T05:08:36.428+0000] {processor.py:179} INFO - Processing /opt/airflow/dags/generate_branch_dim.py took 0.022 seconds
[2024-10-06T05:08:43.629+0000] {processor.py:157} INFO - Started process (PID=2288) to work on /opt/airflow/dags/generate_branch_dim.py
[2024-10-06T05:08:43.629+0000] {processor.py:829} INFO - Processing file /opt/airflow/dags/generate_branch_dim.py for tasks to queue
[2024-10-06T05:08:43.630+0000] {logging_mixin.py:151} INFO - [2024-10-06T05:08:43.630+0000] {dagbag.py:539} INFO - Filling up the DagBag from /opt/airflow/dags/generate_branch_dim.py
[2024-10-06T05:08:43.760+0000] {processor.py:839} INFO - DAG(s) dict_keys(['branch_dim_generator']) retrieved from /opt/airflow/dags/generate_branch_dim.py
[2024-10-06T05:08:43.799+0000] {logging_mixin.py:151} INFO - [2024-10-06T05:08:43.799+0000] {manager.py:499} INFO - Created Permission View: %s
[2024-10-06T05:08:43.803+0000] {logging_mixin.py:151} INFO - [2024-10-06T05:08:43.803+0000] {manager.py:499} INFO - Created Permission View: %s
[2024-10-06T05:08:43.806+0000] {logging_mixin.py:151} INFO - [2024-10-06T05:08:43.806+0000] {manager.py:499} INFO - Created Permission View: %s
[2024-10-06T05:08:43.806+0000] {logging_mixin.py:151} INFO - [2024-10-06T05:08:43.806+0000] {security.py:708} INFO - Not syncing DAG-level permissions for DAG 'DAG:branch_dim_generator' as access control is unset.
[2024-10-06T05:08:43.806+0000] {logging_mixin.py:151} INFO - [2024-10-06T05:08:43.806+0000] {dag.py:2915} INFO - Sync 1 DAGs
[2024-10-06T05:08:43.810+0000] {logging_mixin.py:151} INFO - [2024-10-06T05:08:43.810+0000] {dag.py:2937} INFO - Creating ORM DAG for branch_dim_generator
[2024-10-06T05:08:43.813+0000] {logging_mixin.py:151} INFO - [2024-10-06T05:08:43.813+0000] {dag.py:3696} INFO - Setting next_dagrun for branch_dim_generator to 2024-10-06T00:00:00+00:00, run_after=2024-10-07T00:00:00+00:00
[2024-10-06T05:08:43.821+0000] {processor.py:179} INFO - Processing /opt/airflow/dags/generate_branch_dim.py took 0.195 seconds
[2024-10-06T05:09:14.052+0000] {processor.py:157} INFO - Started process (PID=2307) to work on /opt/airflow/dags/generate_branch_dim.py
[2024-10-06T05:09:14.053+0000] {processor.py:829} INFO - Processing file /opt/airflow/dags/generate_branch_dim.py for tasks to queue
[2024-10-06T05:09:14.054+0000] {logging_mixin.py:151} INFO - [2024-10-06T05:09:14.053+0000] {dagbag.py:539} INFO - Filling up the DagBag from /opt/airflow/dags/generate_branch_dim.py
[2024-10-06T05:09:14.212+0000] {processor.py:839} INFO - DAG(s) dict_keys(['branch_dim_generator']) retrieved from /opt/airflow/dags/generate_branch_dim.py
[2024-10-06T05:09:14.224+0000] {logging_mixin.py:151} INFO - [2024-10-06T05:09:14.223+0000] {dag.py:2915} INFO - Sync 1 DAGs
[2024-10-06T05:09:14.233+0000] {logging_mixin.py:151} INFO - [2024-10-06T05:09:14.233+0000] {dag.py:3696} INFO - Setting next_dagrun for branch_dim_generator to 2024-10-06T00:00:00+00:00, run_after=2024-10-07T00:00:00+00:00
[2024-10-06T05:09:14.243+0000] {processor.py:179} INFO - Processing /opt/airflow/dags/generate_branch_dim.py took 0.194 seconds
[2024-10-06T05:09:44.484+0000] {processor.py:157} INFO - Started process (PID=2326) to work on /opt/airflow/dags/generate_branch_dim.py
[2024-10-06T05:09:44.485+0000] {processor.py:829} INFO - Processing file /opt/airflow/dags/generate_branch_dim.py for tasks to queue
[2024-10-06T05:09:44.486+0000] {logging_mixin.py:151} INFO - [2024-10-06T05:09:44.486+0000] {dagbag.py:539} INFO - Filling up the DagBag from /opt/airflow/dags/generate_branch_dim.py
[2024-10-06T05:09:44.622+0000] {processor.py:839} INFO - DAG(s) dict_keys(['branch_dim_generator']) retrieved from /opt/airflow/dags/generate_branch_dim.py
[2024-10-06T05:09:44.632+0000] {logging_mixin.py:151} INFO - [2024-10-06T05:09:44.631+0000] {dag.py:2915} INFO - Sync 1 DAGs
[2024-10-06T05:09:44.639+0000] {logging_mixin.py:151} INFO - [2024-10-06T05:09:44.639+0000] {dag.py:3696} INFO - Setting next_dagrun for branch_dim_generator to 2024-10-06T00:00:00+00:00, run_after=2024-10-07T00:00:00+00:00
[2024-10-06T05:09:44.646+0000] {processor.py:179} INFO - Processing /opt/airflow/dags/generate_branch_dim.py took 0.166 seconds
[2024-10-06T05:10:14.879+0000] {processor.py:157} INFO - Started process (PID=2345) to work on /opt/airflow/dags/generate_branch_dim.py
[2024-10-06T05:10:14.880+0000] {processor.py:829} INFO - Processing file /opt/airflow/dags/generate_branch_dim.py for tasks to queue
[2024-10-06T05:10:14.880+0000] {logging_mixin.py:151} INFO - [2024-10-06T05:10:14.880+0000] {dagbag.py:539} INFO - Filling up the DagBag from /opt/airflow/dags/generate_branch_dim.py
[2024-10-06T05:10:15.009+0000] {processor.py:839} INFO - DAG(s) dict_keys(['branch_dim_generator']) retrieved from /opt/airflow/dags/generate_branch_dim.py
[2024-10-06T05:10:15.023+0000] {logging_mixin.py:151} INFO - [2024-10-06T05:10:15.023+0000] {dag.py:2915} INFO - Sync 1 DAGs
[2024-10-06T05:10:15.035+0000] {logging_mixin.py:151} INFO - [2024-10-06T05:10:15.035+0000] {dag.py:3696} INFO - Setting next_dagrun for branch_dim_generator to 2024-10-06T00:00:00+00:00, run_after=2024-10-07T00:00:00+00:00
[2024-10-06T05:10:15.044+0000] {processor.py:179} INFO - Processing /opt/airflow/dags/generate_branch_dim.py took 0.168 seconds
[2024-10-06T05:10:45.303+0000] {processor.py:157} INFO - Started process (PID=2364) to work on /opt/airflow/dags/generate_branch_dim.py
[2024-10-06T05:10:45.305+0000] {processor.py:829} INFO - Processing file /opt/airflow/dags/generate_branch_dim.py for tasks to queue
[2024-10-06T05:10:45.305+0000] {logging_mixin.py:151} INFO - [2024-10-06T05:10:45.305+0000] {dagbag.py:539} INFO - Filling up the DagBag from /opt/airflow/dags/generate_branch_dim.py
[2024-10-06T05:10:45.429+0000] {processor.py:839} INFO - DAG(s) dict_keys(['branch_dim_generator']) retrieved from /opt/airflow/dags/generate_branch_dim.py
[2024-10-06T05:10:45.439+0000] {logging_mixin.py:151} INFO - [2024-10-06T05:10:45.439+0000] {dag.py:2915} INFO - Sync 1 DAGs
[2024-10-06T05:10:45.447+0000] {logging_mixin.py:151} INFO - [2024-10-06T05:10:45.447+0000] {dag.py:3696} INFO - Setting next_dagrun for branch_dim_generator to 2024-10-06T00:00:00+00:00, run_after=2024-10-07T00:00:00+00:00
[2024-10-06T05:10:45.455+0000] {processor.py:179} INFO - Processing /opt/airflow/dags/generate_branch_dim.py took 0.156 seconds
[2024-10-06T05:11:15.699+0000] {processor.py:157} INFO - Started process (PID=2383) to work on /opt/airflow/dags/generate_branch_dim.py
[2024-10-06T05:11:15.700+0000] {processor.py:829} INFO - Processing file /opt/airflow/dags/generate_branch_dim.py for tasks to queue
[2024-10-06T05:11:15.701+0000] {logging_mixin.py:151} INFO - [2024-10-06T05:11:15.700+0000] {dagbag.py:539} INFO - Filling up the DagBag from /opt/airflow/dags/generate_branch_dim.py
[2024-10-06T05:11:15.826+0000] {processor.py:839} INFO - DAG(s) dict_keys(['branch_dim_generator']) retrieved from /opt/airflow/dags/generate_branch_dim.py
[2024-10-06T05:11:15.835+0000] {logging_mixin.py:151} INFO - [2024-10-06T05:11:15.834+0000] {dag.py:2915} INFO - Sync 1 DAGs
[2024-10-06T05:11:15.842+0000] {logging_mixin.py:151} INFO - [2024-10-06T05:11:15.842+0000] {dag.py:3696} INFO - Setting next_dagrun for branch_dim_generator to 2024-10-06T00:00:00+00:00, run_after=2024-10-07T00:00:00+00:00
[2024-10-06T05:11:15.850+0000] {processor.py:179} INFO - Processing /opt/airflow/dags/generate_branch_dim.py took 0.155 seconds
[2024-10-06T05:11:46.093+0000] {processor.py:157} INFO - Started process (PID=2402) to work on /opt/airflow/dags/generate_branch_dim.py
[2024-10-06T05:11:46.094+0000] {processor.py:829} INFO - Processing file /opt/airflow/dags/generate_branch_dim.py for tasks to queue
[2024-10-06T05:11:46.095+0000] {logging_mixin.py:151} INFO - [2024-10-06T05:11:46.094+0000] {dagbag.py:539} INFO - Filling up the DagBag from /opt/airflow/dags/generate_branch_dim.py
[2024-10-06T05:11:46.219+0000] {processor.py:839} INFO - DAG(s) dict_keys(['branch_dim_generator']) retrieved from /opt/airflow/dags/generate_branch_dim.py
[2024-10-06T05:11:46.228+0000] {logging_mixin.py:151} INFO - [2024-10-06T05:11:46.228+0000] {dag.py:2915} INFO - Sync 1 DAGs
[2024-10-06T05:11:46.235+0000] {logging_mixin.py:151} INFO - [2024-10-06T05:11:46.235+0000] {dag.py:3696} INFO - Setting next_dagrun for branch_dim_generator to 2024-10-06T00:00:00+00:00, run_after=2024-10-07T00:00:00+00:00
[2024-10-06T05:11:46.243+0000] {processor.py:179} INFO - Processing /opt/airflow/dags/generate_branch_dim.py took 0.154 seconds
[2024-10-06T05:12:16.453+0000] {processor.py:157} INFO - Started process (PID=2427) to work on /opt/airflow/dags/generate_branch_dim.py
[2024-10-06T05:12:16.454+0000] {processor.py:829} INFO - Processing file /opt/airflow/dags/generate_branch_dim.py for tasks to queue
[2024-10-06T05:12:16.455+0000] {logging_mixin.py:151} INFO - [2024-10-06T05:12:16.454+0000] {dagbag.py:539} INFO - Filling up the DagBag from /opt/airflow/dags/generate_branch_dim.py
[2024-10-06T05:12:16.580+0000] {processor.py:839} INFO - DAG(s) dict_keys(['branch_dim_generator']) retrieved from /opt/airflow/dags/generate_branch_dim.py
[2024-10-06T05:12:16.590+0000] {logging_mixin.py:151} INFO - [2024-10-06T05:12:16.589+0000] {dag.py:2915} INFO - Sync 1 DAGs
[2024-10-06T05:12:16.597+0000] {logging_mixin.py:151} INFO - [2024-10-06T05:12:16.597+0000] {dag.py:3696} INFO - Setting next_dagrun for branch_dim_generator to 2024-10-06T00:00:00+00:00, run_after=2024-10-07T00:00:00+00:00
[2024-10-06T05:12:16.605+0000] {processor.py:179} INFO - Processing /opt/airflow/dags/generate_branch_dim.py took 0.155 seconds
[2024-10-06T05:12:47.072+0000] {processor.py:157} INFO - Started process (PID=2451) to work on /opt/airflow/dags/generate_branch_dim.py
[2024-10-06T05:12:47.073+0000] {processor.py:829} INFO - Processing file /opt/airflow/dags/generate_branch_dim.py for tasks to queue
[2024-10-06T05:12:47.074+0000] {logging_mixin.py:151} INFO - [2024-10-06T05:12:47.074+0000] {dagbag.py:539} INFO - Filling up the DagBag from /opt/airflow/dags/generate_branch_dim.py
[2024-10-06T05:12:47.194+0000] {processor.py:839} INFO - DAG(s) dict_keys(['branch_dim_generator']) retrieved from /opt/airflow/dags/generate_branch_dim.py
[2024-10-06T05:12:47.203+0000] {logging_mixin.py:151} INFO - [2024-10-06T05:12:47.203+0000] {dag.py:2915} INFO - Sync 1 DAGs
[2024-10-06T05:12:47.210+0000] {logging_mixin.py:151} INFO - [2024-10-06T05:12:47.210+0000] {dag.py:3696} INFO - Setting next_dagrun for branch_dim_generator to 2024-10-06T00:00:00+00:00, run_after=2024-10-07T00:00:00+00:00
[2024-10-06T05:12:47.221+0000] {processor.py:179} INFO - Processing /opt/airflow/dags/generate_branch_dim.py took 0.151 seconds
[2024-10-06T05:13:17.495+0000] {processor.py:157} INFO - Started process (PID=2476) to work on /opt/airflow/dags/generate_branch_dim.py
[2024-10-06T05:13:17.497+0000] {processor.py:829} INFO - Processing file /opt/airflow/dags/generate_branch_dim.py for tasks to queue
[2024-10-06T05:13:17.498+0000] {logging_mixin.py:151} INFO - [2024-10-06T05:13:17.498+0000] {dagbag.py:539} INFO - Filling up the DagBag from /opt/airflow/dags/generate_branch_dim.py
[2024-10-06T05:13:17.628+0000] {processor.py:839} INFO - DAG(s) dict_keys(['branch_dim_generator']) retrieved from /opt/airflow/dags/generate_branch_dim.py
[2024-10-06T05:13:17.638+0000] {logging_mixin.py:151} INFO - [2024-10-06T05:13:17.638+0000] {dag.py:2915} INFO - Sync 1 DAGs
[2024-10-06T05:13:17.645+0000] {logging_mixin.py:151} INFO - [2024-10-06T05:13:17.645+0000] {dag.py:3696} INFO - Setting next_dagrun for branch_dim_generator to 2024-10-06T00:00:00+00:00, run_after=2024-10-07T00:00:00+00:00
[2024-10-06T05:13:17.653+0000] {processor.py:179} INFO - Processing /opt/airflow/dags/generate_branch_dim.py took 0.161 seconds
[2024-10-06T05:13:48.117+0000] {processor.py:157} INFO - Started process (PID=2501) to work on /opt/airflow/dags/generate_branch_dim.py
[2024-10-06T05:13:48.118+0000] {processor.py:829} INFO - Processing file /opt/airflow/dags/generate_branch_dim.py for tasks to queue
[2024-10-06T05:13:48.119+0000] {logging_mixin.py:151} INFO - [2024-10-06T05:13:48.119+0000] {dagbag.py:539} INFO - Filling up the DagBag from /opt/airflow/dags/generate_branch_dim.py
[2024-10-06T05:13:48.247+0000] {processor.py:839} INFO - DAG(s) dict_keys(['branch_dim_generator']) retrieved from /opt/airflow/dags/generate_branch_dim.py
[2024-10-06T05:13:48.256+0000] {logging_mixin.py:151} INFO - [2024-10-06T05:13:48.255+0000] {dag.py:2915} INFO - Sync 1 DAGs
[2024-10-06T05:13:48.263+0000] {logging_mixin.py:151} INFO - [2024-10-06T05:13:48.262+0000] {dag.py:3696} INFO - Setting next_dagrun for branch_dim_generator to 2024-10-06T00:00:00+00:00, run_after=2024-10-07T00:00:00+00:00
[2024-10-06T05:13:48.270+0000] {processor.py:179} INFO - Processing /opt/airflow/dags/generate_branch_dim.py took 0.156 seconds
[2024-10-06T05:14:18.703+0000] {processor.py:157} INFO - Started process (PID=2526) to work on /opt/airflow/dags/generate_branch_dim.py
[2024-10-06T05:14:18.704+0000] {processor.py:829} INFO - Processing file /opt/airflow/dags/generate_branch_dim.py for tasks to queue
[2024-10-06T05:14:18.705+0000] {logging_mixin.py:151} INFO - [2024-10-06T05:14:18.704+0000] {dagbag.py:539} INFO - Filling up the DagBag from /opt/airflow/dags/generate_branch_dim.py
[2024-10-06T05:14:18.853+0000] {processor.py:839} INFO - DAG(s) dict_keys(['branch_dim_generator']) retrieved from /opt/airflow/dags/generate_branch_dim.py
[2024-10-06T05:14:18.868+0000] {logging_mixin.py:151} INFO - [2024-10-06T05:14:18.867+0000] {dag.py:2915} INFO - Sync 1 DAGs
[2024-10-06T05:14:18.877+0000] {logging_mixin.py:151} INFO - [2024-10-06T05:14:18.877+0000] {dag.py:3696} INFO - Setting next_dagrun for branch_dim_generator to 2024-10-06T00:00:00+00:00, run_after=2024-10-07T00:00:00+00:00
[2024-10-06T05:14:18.884+0000] {processor.py:179} INFO - Processing /opt/airflow/dags/generate_branch_dim.py took 0.186 seconds
[2024-10-06T05:14:49.241+0000] {processor.py:157} INFO - Started process (PID=2551) to work on /opt/airflow/dags/generate_branch_dim.py
[2024-10-06T05:14:49.243+0000] {processor.py:829} INFO - Processing file /opt/airflow/dags/generate_branch_dim.py for tasks to queue
[2024-10-06T05:14:49.243+0000] {logging_mixin.py:151} INFO - [2024-10-06T05:14:49.243+0000] {dagbag.py:539} INFO - Filling up the DagBag from /opt/airflow/dags/generate_branch_dim.py
[2024-10-06T05:14:49.387+0000] {processor.py:839} INFO - DAG(s) dict_keys(['branch_dim_generator']) retrieved from /opt/airflow/dags/generate_branch_dim.py
[2024-10-06T05:14:49.401+0000] {logging_mixin.py:151} INFO - [2024-10-06T05:14:49.401+0000] {dag.py:2915} INFO - Sync 1 DAGs
[2024-10-06T05:14:49.410+0000] {logging_mixin.py:151} INFO - [2024-10-06T05:14:49.410+0000] {dag.py:3696} INFO - Setting next_dagrun for branch_dim_generator to 2024-10-06T00:00:00+00:00, run_after=2024-10-07T00:00:00+00:00
[2024-10-06T05:14:49.419+0000] {processor.py:179} INFO - Processing /opt/airflow/dags/generate_branch_dim.py took 0.182 seconds
[2024-10-06T05:15:19.750+0000] {processor.py:157} INFO - Started process (PID=2576) to work on /opt/airflow/dags/generate_branch_dim.py
[2024-10-06T05:15:19.752+0000] {processor.py:829} INFO - Processing file /opt/airflow/dags/generate_branch_dim.py for tasks to queue
[2024-10-06T05:15:19.753+0000] {logging_mixin.py:151} INFO - [2024-10-06T05:15:19.752+0000] {dagbag.py:539} INFO - Filling up the DagBag from /opt/airflow/dags/generate_branch_dim.py
[2024-10-06T05:15:19.901+0000] {processor.py:839} INFO - DAG(s) dict_keys(['branch_dim_generator']) retrieved from /opt/airflow/dags/generate_branch_dim.py
[2024-10-06T05:15:19.916+0000] {logging_mixin.py:151} INFO - [2024-10-06T05:15:19.915+0000] {dag.py:2915} INFO - Sync 1 DAGs
[2024-10-06T05:15:19.926+0000] {logging_mixin.py:151} INFO - [2024-10-06T05:15:19.926+0000] {dag.py:3696} INFO - Setting next_dagrun for branch_dim_generator to 2024-10-06T00:00:00+00:00, run_after=2024-10-07T00:00:00+00:00
[2024-10-06T05:15:19.935+0000] {processor.py:179} INFO - Processing /opt/airflow/dags/generate_branch_dim.py took 0.189 seconds
[2024-10-06T05:15:50.321+0000] {processor.py:157} INFO - Started process (PID=2601) to work on /opt/airflow/dags/generate_branch_dim.py
[2024-10-06T05:15:50.322+0000] {processor.py:829} INFO - Processing file /opt/airflow/dags/generate_branch_dim.py for tasks to queue
[2024-10-06T05:15:50.322+0000] {logging_mixin.py:151} INFO - [2024-10-06T05:15:50.322+0000] {dagbag.py:539} INFO - Filling up the DagBag from /opt/airflow/dags/generate_branch_dim.py
[2024-10-06T05:15:50.466+0000] {processor.py:839} INFO - DAG(s) dict_keys(['branch_dim_generator']) retrieved from /opt/airflow/dags/generate_branch_dim.py
[2024-10-06T05:15:50.478+0000] {logging_mixin.py:151} INFO - [2024-10-06T05:15:50.478+0000] {dag.py:2915} INFO - Sync 1 DAGs
[2024-10-06T05:15:50.488+0000] {logging_mixin.py:151} INFO - [2024-10-06T05:15:50.487+0000] {dag.py:3696} INFO - Setting next_dagrun for branch_dim_generator to 2024-10-06T00:00:00+00:00, run_after=2024-10-07T00:00:00+00:00
[2024-10-06T05:15:50.497+0000] {processor.py:179} INFO - Processing /opt/airflow/dags/generate_branch_dim.py took 0.180 seconds
[2024-10-06T05:16:20.812+0000] {processor.py:157} INFO - Started process (PID=2626) to work on /opt/airflow/dags/generate_branch_dim.py
[2024-10-06T05:16:20.812+0000] {processor.py:829} INFO - Processing file /opt/airflow/dags/generate_branch_dim.py for tasks to queue
[2024-10-06T05:16:20.813+0000] {logging_mixin.py:151} INFO - [2024-10-06T05:16:20.813+0000] {dagbag.py:539} INFO - Filling up the DagBag from /opt/airflow/dags/generate_branch_dim.py
[2024-10-06T05:16:20.946+0000] {processor.py:839} INFO - DAG(s) dict_keys(['branch_dim_generator']) retrieved from /opt/airflow/dags/generate_branch_dim.py
[2024-10-06T05:16:20.957+0000] {logging_mixin.py:151} INFO - [2024-10-06T05:16:20.957+0000] {dag.py:2915} INFO - Sync 1 DAGs
[2024-10-06T05:16:20.967+0000] {logging_mixin.py:151} INFO - [2024-10-06T05:16:20.966+0000] {dag.py:3696} INFO - Setting next_dagrun for branch_dim_generator to 2024-10-06T00:00:00+00:00, run_after=2024-10-07T00:00:00+00:00
[2024-10-06T05:16:20.975+0000] {processor.py:179} INFO - Processing /opt/airflow/dags/generate_branch_dim.py took 0.165 seconds
[2024-10-06T05:16:51.364+0000] {processor.py:157} INFO - Started process (PID=2651) to work on /opt/airflow/dags/generate_branch_dim.py
[2024-10-06T05:16:51.366+0000] {processor.py:829} INFO - Processing file /opt/airflow/dags/generate_branch_dim.py for tasks to queue
[2024-10-06T05:16:51.366+0000] {logging_mixin.py:151} INFO - [2024-10-06T05:16:51.366+0000] {dagbag.py:539} INFO - Filling up the DagBag from /opt/airflow/dags/generate_branch_dim.py
[2024-10-06T05:16:51.508+0000] {processor.py:839} INFO - DAG(s) dict_keys(['branch_dim_generator']) retrieved from /opt/airflow/dags/generate_branch_dim.py
[2024-10-06T05:16:51.519+0000] {logging_mixin.py:151} INFO - [2024-10-06T05:16:51.519+0000] {dag.py:2915} INFO - Sync 1 DAGs
[2024-10-06T05:16:51.529+0000] {logging_mixin.py:151} INFO - [2024-10-06T05:16:51.529+0000] {dag.py:3696} INFO - Setting next_dagrun for branch_dim_generator to 2024-10-06T00:00:00+00:00, run_after=2024-10-07T00:00:00+00:00
[2024-10-06T05:16:51.539+0000] {processor.py:179} INFO - Processing /opt/airflow/dags/generate_branch_dim.py took 0.178 seconds
[2024-10-06T05:17:21.828+0000] {processor.py:157} INFO - Started process (PID=2679) to work on /opt/airflow/dags/generate_branch_dim.py
[2024-10-06T05:17:21.830+0000] {processor.py:829} INFO - Processing file /opt/airflow/dags/generate_branch_dim.py for tasks to queue
[2024-10-06T05:17:21.831+0000] {logging_mixin.py:151} INFO - [2024-10-06T05:17:21.830+0000] {dagbag.py:539} INFO - Filling up the DagBag from /opt/airflow/dags/generate_branch_dim.py
[2024-10-06T05:17:21.956+0000] {processor.py:839} INFO - DAG(s) dict_keys(['branch_dim_generator']) retrieved from /opt/airflow/dags/generate_branch_dim.py
[2024-10-06T05:17:21.966+0000] {logging_mixin.py:151} INFO - [2024-10-06T05:17:21.966+0000] {dag.py:2915} INFO - Sync 1 DAGs
[2024-10-06T05:17:21.974+0000] {logging_mixin.py:151} INFO - [2024-10-06T05:17:21.974+0000] {dag.py:3696} INFO - Setting next_dagrun for branch_dim_generator to 2024-10-06T00:00:00+00:00, run_after=2024-10-07T00:00:00+00:00
[2024-10-06T05:17:21.982+0000] {processor.py:179} INFO - Processing /opt/airflow/dags/generate_branch_dim.py took 0.157 seconds
[2024-10-06T05:17:46.633+0000] {processor.py:157} INFO - Started process (PID=2716) to work on /opt/airflow/dags/generate_branch_dim.py
[2024-10-06T05:17:46.634+0000] {processor.py:829} INFO - Processing file /opt/airflow/dags/generate_branch_dim.py for tasks to queue
[2024-10-06T05:17:46.634+0000] {logging_mixin.py:151} INFO - [2024-10-06T05:17:46.634+0000] {dagbag.py:539} INFO - Filling up the DagBag from /opt/airflow/dags/generate_branch_dim.py
[2024-10-06T05:17:46.753+0000] {processor.py:839} INFO - DAG(s) dict_keys(['branch_dim_generator']) retrieved from /opt/airflow/dags/generate_branch_dim.py
[2024-10-06T05:17:46.763+0000] {logging_mixin.py:151} INFO - [2024-10-06T05:17:46.763+0000] {dag.py:2915} INFO - Sync 1 DAGs
[2024-10-06T05:17:46.770+0000] {logging_mixin.py:151} INFO - [2024-10-06T05:17:46.770+0000] {dag.py:3696} INFO - Setting next_dagrun for branch_dim_generator to 2024-10-06T00:00:00+00:00, run_after=2024-10-07T00:00:00+00:00
[2024-10-06T05:17:46.778+0000] {processor.py:179} INFO - Processing /opt/airflow/dags/generate_branch_dim.py took 0.147 seconds
[2024-10-06T05:18:17.103+0000] {processor.py:157} INFO - Started process (PID=2741) to work on /opt/airflow/dags/generate_branch_dim.py
[2024-10-06T05:18:17.104+0000] {processor.py:829} INFO - Processing file /opt/airflow/dags/generate_branch_dim.py for tasks to queue
[2024-10-06T05:18:17.104+0000] {logging_mixin.py:151} INFO - [2024-10-06T05:18:17.104+0000] {dagbag.py:539} INFO - Filling up the DagBag from /opt/airflow/dags/generate_branch_dim.py
[2024-10-06T05:18:17.214+0000] {processor.py:839} INFO - DAG(s) dict_keys(['branch_dim_generator']) retrieved from /opt/airflow/dags/generate_branch_dim.py
[2024-10-06T05:18:17.223+0000] {logging_mixin.py:151} INFO - [2024-10-06T05:18:17.223+0000] {dag.py:2915} INFO - Sync 1 DAGs
[2024-10-06T05:18:17.230+0000] {logging_mixin.py:151} INFO - [2024-10-06T05:18:17.230+0000] {dag.py:3696} INFO - Setting next_dagrun for branch_dim_generator to 2024-10-06T00:00:00+00:00, run_after=2024-10-07T00:00:00+00:00
[2024-10-06T05:18:17.238+0000] {processor.py:179} INFO - Processing /opt/airflow/dags/generate_branch_dim.py took 0.136 seconds
[2024-10-06T05:18:47.553+0000] {processor.py:157} INFO - Started process (PID=2766) to work on /opt/airflow/dags/generate_branch_dim.py
[2024-10-06T05:18:47.554+0000] {processor.py:829} INFO - Processing file /opt/airflow/dags/generate_branch_dim.py for tasks to queue
[2024-10-06T05:18:47.554+0000] {logging_mixin.py:151} INFO - [2024-10-06T05:18:47.554+0000] {dagbag.py:539} INFO - Filling up the DagBag from /opt/airflow/dags/generate_branch_dim.py
[2024-10-06T05:18:47.667+0000] {processor.py:839} INFO - DAG(s) dict_keys(['branch_dim_generator']) retrieved from /opt/airflow/dags/generate_branch_dim.py
[2024-10-06T05:18:47.676+0000] {logging_mixin.py:151} INFO - [2024-10-06T05:18:47.676+0000] {dag.py:2915} INFO - Sync 1 DAGs
[2024-10-06T05:18:47.683+0000] {logging_mixin.py:151} INFO - [2024-10-06T05:18:47.683+0000] {dag.py:3696} INFO - Setting next_dagrun for branch_dim_generator to 2024-10-06T00:00:00+00:00, run_after=2024-10-07T00:00:00+00:00
[2024-10-06T05:18:47.691+0000] {processor.py:179} INFO - Processing /opt/airflow/dags/generate_branch_dim.py took 0.139 seconds
[2024-10-06T05:19:17.993+0000] {processor.py:157} INFO - Started process (PID=2791) to work on /opt/airflow/dags/generate_branch_dim.py
[2024-10-06T05:19:17.994+0000] {processor.py:829} INFO - Processing file /opt/airflow/dags/generate_branch_dim.py for tasks to queue
[2024-10-06T05:19:17.994+0000] {logging_mixin.py:151} INFO - [2024-10-06T05:19:17.994+0000] {dagbag.py:539} INFO - Filling up the DagBag from /opt/airflow/dags/generate_branch_dim.py
[2024-10-06T05:19:18.125+0000] {processor.py:839} INFO - DAG(s) dict_keys(['branch_dim_generator']) retrieved from /opt/airflow/dags/generate_branch_dim.py
[2024-10-06T05:19:18.136+0000] {logging_mixin.py:151} INFO - [2024-10-06T05:19:18.136+0000] {dag.py:2915} INFO - Sync 1 DAGs
[2024-10-06T05:19:18.144+0000] {logging_mixin.py:151} INFO - [2024-10-06T05:19:18.144+0000] {dag.py:3696} INFO - Setting next_dagrun for branch_dim_generator to 2024-10-06T00:00:00+00:00, run_after=2024-10-07T00:00:00+00:00
[2024-10-06T05:19:18.151+0000] {processor.py:179} INFO - Processing /opt/airflow/dags/generate_branch_dim.py took 0.159 seconds
[2024-10-06T05:19:48.442+0000] {processor.py:157} INFO - Started process (PID=2817) to work on /opt/airflow/dags/generate_branch_dim.py
[2024-10-06T05:19:48.442+0000] {processor.py:829} INFO - Processing file /opt/airflow/dags/generate_branch_dim.py for tasks to queue
[2024-10-06T05:19:48.442+0000] {logging_mixin.py:151} INFO - [2024-10-06T05:19:48.442+0000] {dagbag.py:539} INFO - Filling up the DagBag from /opt/airflow/dags/generate_branch_dim.py
[2024-10-06T05:19:48.550+0000] {processor.py:839} INFO - DAG(s) dict_keys(['branch_dim_generator']) retrieved from /opt/airflow/dags/generate_branch_dim.py
[2024-10-06T05:19:48.559+0000] {logging_mixin.py:151} INFO - [2024-10-06T05:19:48.559+0000] {dag.py:2915} INFO - Sync 1 DAGs
[2024-10-06T05:19:48.566+0000] {logging_mixin.py:151} INFO - [2024-10-06T05:19:48.566+0000] {dag.py:3696} INFO - Setting next_dagrun for branch_dim_generator to 2024-10-06T00:00:00+00:00, run_after=2024-10-07T00:00:00+00:00
[2024-10-06T05:19:48.574+0000] {processor.py:179} INFO - Processing /opt/airflow/dags/generate_branch_dim.py took 0.134 seconds
[2024-10-06T05:20:18.913+0000] {processor.py:157} INFO - Started process (PID=2842) to work on /opt/airflow/dags/generate_branch_dim.py
[2024-10-06T05:20:18.913+0000] {processor.py:829} INFO - Processing file /opt/airflow/dags/generate_branch_dim.py for tasks to queue
[2024-10-06T05:20:18.914+0000] {logging_mixin.py:151} INFO - [2024-10-06T05:20:18.914+0000] {dagbag.py:539} INFO - Filling up the DagBag from /opt/airflow/dags/generate_branch_dim.py
[2024-10-06T05:20:19.031+0000] {processor.py:839} INFO - DAG(s) dict_keys(['branch_dim_generator']) retrieved from /opt/airflow/dags/generate_branch_dim.py
[2024-10-06T05:20:19.042+0000] {logging_mixin.py:151} INFO - [2024-10-06T05:20:19.041+0000] {dag.py:2915} INFO - Sync 1 DAGs
[2024-10-06T05:20:19.052+0000] {logging_mixin.py:151} INFO - [2024-10-06T05:20:19.052+0000] {dag.py:3696} INFO - Setting next_dagrun for branch_dim_generator to 2024-10-06T00:00:00+00:00, run_after=2024-10-07T00:00:00+00:00
[2024-10-06T05:20:19.059+0000] {processor.py:179} INFO - Processing /opt/airflow/dags/generate_branch_dim.py took 0.148 seconds
[2024-10-06T05:20:49.394+0000] {processor.py:157} INFO - Started process (PID=2867) to work on /opt/airflow/dags/generate_branch_dim.py
[2024-10-06T05:20:49.394+0000] {processor.py:829} INFO - Processing file /opt/airflow/dags/generate_branch_dim.py for tasks to queue
[2024-10-06T05:20:49.394+0000] {logging_mixin.py:151} INFO - [2024-10-06T05:20:49.394+0000] {dagbag.py:539} INFO - Filling up the DagBag from /opt/airflow/dags/generate_branch_dim.py
[2024-10-06T05:20:49.500+0000] {processor.py:839} INFO - DAG(s) dict_keys(['branch_dim_generator']) retrieved from /opt/airflow/dags/generate_branch_dim.py
[2024-10-06T05:20:49.509+0000] {logging_mixin.py:151} INFO - [2024-10-06T05:20:49.509+0000] {dag.py:2915} INFO - Sync 1 DAGs
[2024-10-06T05:20:49.516+0000] {logging_mixin.py:151} INFO - [2024-10-06T05:20:49.516+0000] {dag.py:3696} INFO - Setting next_dagrun for branch_dim_generator to 2024-10-06T00:00:00+00:00, run_after=2024-10-07T00:00:00+00:00
[2024-10-06T05:20:49.526+0000] {processor.py:179} INFO - Processing /opt/airflow/dags/generate_branch_dim.py took 0.134 seconds
[2024-10-06T05:21:19.849+0000] {processor.py:157} INFO - Started process (PID=2892) to work on /opt/airflow/dags/generate_branch_dim.py
[2024-10-06T05:21:19.849+0000] {processor.py:829} INFO - Processing file /opt/airflow/dags/generate_branch_dim.py for tasks to queue
[2024-10-06T05:21:19.850+0000] {logging_mixin.py:151} INFO - [2024-10-06T05:21:19.850+0000] {dagbag.py:539} INFO - Filling up the DagBag from /opt/airflow/dags/generate_branch_dim.py
[2024-10-06T05:21:19.958+0000] {processor.py:839} INFO - DAG(s) dict_keys(['branch_dim_generator']) retrieved from /opt/airflow/dags/generate_branch_dim.py
[2024-10-06T05:21:19.967+0000] {logging_mixin.py:151} INFO - [2024-10-06T05:21:19.966+0000] {dag.py:2915} INFO - Sync 1 DAGs
[2024-10-06T05:21:19.973+0000] {logging_mixin.py:151} INFO - [2024-10-06T05:21:19.973+0000] {dag.py:3696} INFO - Setting next_dagrun for branch_dim_generator to 2024-10-06T00:00:00+00:00, run_after=2024-10-07T00:00:00+00:00
[2024-10-06T05:21:19.980+0000] {processor.py:179} INFO - Processing /opt/airflow/dags/generate_branch_dim.py took 0.133 seconds
[2024-10-06T05:21:50.310+0000] {processor.py:157} INFO - Started process (PID=2917) to work on /opt/airflow/dags/generate_branch_dim.py
[2024-10-06T05:21:50.310+0000] {processor.py:829} INFO - Processing file /opt/airflow/dags/generate_branch_dim.py for tasks to queue
[2024-10-06T05:21:50.311+0000] {logging_mixin.py:151} INFO - [2024-10-06T05:21:50.311+0000] {dagbag.py:539} INFO - Filling up the DagBag from /opt/airflow/dags/generate_branch_dim.py
[2024-10-06T05:21:50.417+0000] {processor.py:839} INFO - DAG(s) dict_keys(['branch_dim_generator']) retrieved from /opt/airflow/dags/generate_branch_dim.py
[2024-10-06T05:21:50.426+0000] {logging_mixin.py:151} INFO - [2024-10-06T05:21:50.425+0000] {dag.py:2915} INFO - Sync 1 DAGs
[2024-10-06T05:21:50.433+0000] {logging_mixin.py:151} INFO - [2024-10-06T05:21:50.433+0000] {dag.py:3696} INFO - Setting next_dagrun for branch_dim_generator to 2024-10-06T00:00:00+00:00, run_after=2024-10-07T00:00:00+00:00
[2024-10-06T05:21:50.440+0000] {processor.py:179} INFO - Processing /opt/airflow/dags/generate_branch_dim.py took 0.131 seconds
[2024-10-06T05:22:20.797+0000] {processor.py:157} INFO - Started process (PID=2942) to work on /opt/airflow/dags/generate_branch_dim.py
[2024-10-06T05:22:20.798+0000] {processor.py:829} INFO - Processing file /opt/airflow/dags/generate_branch_dim.py for tasks to queue
[2024-10-06T05:22:20.798+0000] {logging_mixin.py:151} INFO - [2024-10-06T05:22:20.798+0000] {dagbag.py:539} INFO - Filling up the DagBag from /opt/airflow/dags/generate_branch_dim.py
[2024-10-06T05:22:20.907+0000] {processor.py:839} INFO - DAG(s) dict_keys(['branch_dim_generator']) retrieved from /opt/airflow/dags/generate_branch_dim.py
[2024-10-06T05:22:20.916+0000] {logging_mixin.py:151} INFO - [2024-10-06T05:22:20.916+0000] {dag.py:2915} INFO - Sync 1 DAGs
[2024-10-06T05:22:20.923+0000] {logging_mixin.py:151} INFO - [2024-10-06T05:22:20.923+0000] {dag.py:3696} INFO - Setting next_dagrun for branch_dim_generator to 2024-10-06T00:00:00+00:00, run_after=2024-10-07T00:00:00+00:00
[2024-10-06T05:22:20.929+0000] {processor.py:179} INFO - Processing /opt/airflow/dags/generate_branch_dim.py took 0.133 seconds
[2024-10-06T05:22:51.264+0000] {processor.py:157} INFO - Started process (PID=2967) to work on /opt/airflow/dags/generate_branch_dim.py
[2024-10-06T05:22:51.265+0000] {processor.py:829} INFO - Processing file /opt/airflow/dags/generate_branch_dim.py for tasks to queue
[2024-10-06T05:22:51.265+0000] {logging_mixin.py:151} INFO - [2024-10-06T05:22:51.265+0000] {dagbag.py:539} INFO - Filling up the DagBag from /opt/airflow/dags/generate_branch_dim.py
[2024-10-06T05:22:51.375+0000] {processor.py:839} INFO - DAG(s) dict_keys(['branch_dim_generator']) retrieved from /opt/airflow/dags/generate_branch_dim.py
[2024-10-06T05:22:51.383+0000] {logging_mixin.py:151} INFO - [2024-10-06T05:22:51.383+0000] {dag.py:2915} INFO - Sync 1 DAGs
[2024-10-06T05:22:51.390+0000] {logging_mixin.py:151} INFO - [2024-10-06T05:22:51.390+0000] {dag.py:3696} INFO - Setting next_dagrun for branch_dim_generator to 2024-10-06T00:00:00+00:00, run_after=2024-10-07T00:00:00+00:00
[2024-10-06T05:22:51.400+0000] {processor.py:179} INFO - Processing /opt/airflow/dags/generate_branch_dim.py took 0.138 seconds
[2024-10-06T05:23:21.715+0000] {processor.py:157} INFO - Started process (PID=2992) to work on /opt/airflow/dags/generate_branch_dim.py
[2024-10-06T05:23:21.716+0000] {processor.py:829} INFO - Processing file /opt/airflow/dags/generate_branch_dim.py for tasks to queue
[2024-10-06T05:23:21.716+0000] {logging_mixin.py:151} INFO - [2024-10-06T05:23:21.716+0000] {dagbag.py:539} INFO - Filling up the DagBag from /opt/airflow/dags/generate_branch_dim.py
[2024-10-06T05:23:21.823+0000] {processor.py:839} INFO - DAG(s) dict_keys(['branch_dim_generator']) retrieved from /opt/airflow/dags/generate_branch_dim.py
[2024-10-06T05:23:21.832+0000] {logging_mixin.py:151} INFO - [2024-10-06T05:23:21.832+0000] {dag.py:2915} INFO - Sync 1 DAGs
[2024-10-06T05:23:21.839+0000] {logging_mixin.py:151} INFO - [2024-10-06T05:23:21.839+0000] {dag.py:3696} INFO - Setting next_dagrun for branch_dim_generator to 2024-10-06T00:00:00+00:00, run_after=2024-10-07T00:00:00+00:00
[2024-10-06T05:23:21.849+0000] {processor.py:179} INFO - Processing /opt/airflow/dags/generate_branch_dim.py took 0.136 seconds
[2024-10-06T05:23:52.143+0000] {processor.py:157} INFO - Started process (PID=3017) to work on /opt/airflow/dags/generate_branch_dim.py
[2024-10-06T05:23:52.144+0000] {processor.py:829} INFO - Processing file /opt/airflow/dags/generate_branch_dim.py for tasks to queue
[2024-10-06T05:23:52.144+0000] {logging_mixin.py:151} INFO - [2024-10-06T05:23:52.144+0000] {dagbag.py:539} INFO - Filling up the DagBag from /opt/airflow/dags/generate_branch_dim.py
[2024-10-06T05:23:52.250+0000] {processor.py:839} INFO - DAG(s) dict_keys(['branch_dim_generator']) retrieved from /opt/airflow/dags/generate_branch_dim.py
[2024-10-06T05:23:52.259+0000] {logging_mixin.py:151} INFO - [2024-10-06T05:23:52.259+0000] {dag.py:2915} INFO - Sync 1 DAGs
[2024-10-06T05:23:52.266+0000] {logging_mixin.py:151} INFO - [2024-10-06T05:23:52.266+0000] {dag.py:3696} INFO - Setting next_dagrun for branch_dim_generator to 2024-10-06T00:00:00+00:00, run_after=2024-10-07T00:00:00+00:00
[2024-10-06T05:23:52.273+0000] {processor.py:179} INFO - Processing /opt/airflow/dags/generate_branch_dim.py took 0.131 seconds
